[2014/10/08 09:16:37 673] [INFO ] [foo.utility.Config] - [配置Log4j信息：D:\ChenJie\workspace\HttpsTest\config\log4j.xml]
[2014/10/08 09:16:37 799] [INFO ] [foo.utility.Config] - [配置默认路径信息：D:\ChenJie\workspace\HttpsTest\config\Config.properties]
[2014/10/08 09:16:48 217] [INFO ] [foo.ProbeTimerTask] - [原状态是断开，现为连接]
[2014/10/08 09:17:20 157] [WARN ] [commons.httpclient.HttpMethodBase] - [Going to buffer response body of large or unknown size. Using getResponseBodyAsStream instead is recommended.]
[2014/10/08 09:17:22 065] [WARN ] [commons.httpclient.HttpMethodBase] - [Going to buffer response body of large or unknown size. Using getResponseBodyAsStream instead is recommended.]
[2014/10/09 13:33:39 519] [INFO ] [foo.utility.Config] - [配置Log4j信息：D:\ChenJie\workspace\HttpsTest\config\log4j.xml]
[2014/10/09 13:33:39 554] [INFO ] [foo.utility.Config] - [配置默认路径信息：D:\ChenJie\workspace\HttpsTest\config\Config.properties]
[2014/10/09 13:33:42 218] [INFO ] [foo.ProbeTimerTask] - [原状态是断开，现为连接]
[2014/10/09 13:34:32 449] [WARN ] [commons.httpclient.HttpMethodBase] - [Going to buffer response body of large or unknown size. Using getResponseBodyAsStream instead is recommended.]
[2014/10/10 13:34:32 390] [WARN ] [commons.httpclient.HttpMethodBase] - [Going to buffer response body of large or unknown size. Using getResponseBodyAsStream instead is recommended.]
[2014/10/10 13:34:33 104] [WARN ] [commons.httpclient.HttpMethodBase] - [Going to buffer response body of large or unknown size. Using getResponseBodyAsStream instead is recommended.]
[2014/10/10 14:09:49 362] [INFO ] [foo.HttpsUtil] - [原状态是连接，现为断开]
[2014/10/10 14:12:43 905] [INFO ] [foo.ProbeTimerTask] - [原状态是断开，现为连接]
[2014/10/10 14:15:51 559] [INFO ] [foo.HttpsUtil] - [原状态是连接，现为断开]
[2014/10/10 14:18:53 516] [INFO ] [foo.ProbeTimerTask] - [原状态是断开，现为连接]
[2014/10/10 16:12:44 711] [INFO ] [foo.HttpsUtil] - [原状态是连接，现为断开]
[2014/10/10 16:15:40 505] [INFO ] [foo.ProbeTimerTask] - [原状态是断开，现为连接]
[2014/10/11 13:34:32 619] [WARN ] [commons.httpclient.HttpMethodBase] - [Going to buffer response body of large or unknown size. Using getResponseBodyAsStream instead is recommended.]
[2014/10/11 13:34:32 868] [WARN ] [commons.httpclient.HttpMethodBase] - [Going to buffer response body of large or unknown size. Using getResponseBodyAsStream instead is recommended.]
[2014/10/11 16:54:44 850] [INFO ] [foo.HttpsUtil] - [原状态是连接，现为断开]
[2014/10/11 16:57:40 719] [INFO ] [foo.ProbeTimerTask] - [原状态是断开，现为连接]
[2014/10/12 13:34:32 326] [WARN ] [commons.httpclient.HttpMethodBase] - [Going to buffer response body of large or unknown size. Using getResponseBodyAsStream instead is recommended.]
[2014/10/12 13:34:32 502] [WARN ] [commons.httpclient.HttpMethodBase] - [Going to buffer response body of large or unknown size. Using getResponseBodyAsStream instead is recommended.]
[2014/10/13 09:03:45 031] [INFO ] [foo.HttpsUtil] - [原状态是连接，现为断开]
[2014/10/13 10:21:40 794] [INFO ] [foo.ProbeTimerTask] - [原状态是断开，现为连接]
[2014/10/13 13:34:33 095] [WARN ] [commons.httpclient.HttpMethodBase] - [Going to buffer response body of large or unknown size. Using getResponseBodyAsStream instead is recommended.]
[2014/10/13 13:34:33 525] [WARN ] [commons.httpclient.HttpMethodBase] - [Going to buffer response body of large or unknown size. Using getResponseBodyAsStream instead is recommended.]
[2014/10/14 09:06:45 148] [INFO ] [foo.HttpsUtil] - [原状态是连接，现为断开]
[2014/10/14 09:09:44 430] [INFO ] [foo.ProbeTimerTask] - [原状态是断开，现为连接]
[2014/10/14 10:27:46 237] [INFO ] [foo.HttpsUtil] - [原状态是连接，现为断开]
[2014/10/14 10:30:44 655] [INFO ] [foo.ProbeTimerTask] - [原状态是断开，现为连接]
[2014/10/14 13:34:33 066] [WARN ] [commons.httpclient.HttpMethodBase] - [Going to buffer response body of large or unknown size. Using getResponseBodyAsStream instead is recommended.]
[2014/10/14 13:34:33 504] [WARN ] [commons.httpclient.HttpMethodBase] - [Going to buffer response body of large or unknown size. Using getResponseBodyAsStream instead is recommended.]
[2014/10/15 06:12:45 261] [INFO ] [foo.HttpsUtil] - [原状态是连接，现为断开]
[2014/10/15 09:36:43 398] [INFO ] [foo.ProbeTimerTask] - [原状态是断开，现为连接]
[2014/10/15 13:34:32 603] [WARN ] [commons.httpclient.HttpMethodBase] - [Going to buffer response body of large or unknown size. Using getResponseBodyAsStream instead is recommended.]
[2014/10/15 13:34:33 069] [WARN ] [commons.httpclient.HttpMethodBase] - [Going to buffer response body of large or unknown size. Using getResponseBodyAsStream instead is recommended.]
[2014/10/15 14:51:49 409] [INFO ] [foo.HttpsUtil] - [原状态是连接，现为断开]
[2014/10/15 14:54:47 271] [INFO ] [foo.ProbeTimerTask] - [原状态是断开，现为连接]
[2014/10/15 15:12:48 886] [INFO ] [foo.HttpsUtil] - [原状态是连接，现为断开]
[2014/10/15 15:15:45 573] [INFO ] [foo.ProbeTimerTask] - [原状态是断开，现为连接]
[2014/10/15 17:00:49 462] [INFO ] [foo.HttpsUtil] - [原状态是连接，现为断开]
[2014/10/15 17:03:45 832] [INFO ] [foo.ProbeTimerTask] - [原状态是断开，现为连接]
[2014/10/15 17:09:45 295] [INFO ] [foo.HttpsUtil] - [原状态是连接，现为断开]
[2014/10/15 17:42:48 088] [INFO ] [foo.ProbeTimerTask] - [原状态是断开，现为连接]
[2014/10/16 09:02:41 784] [INFO ] [foo.utility.Config] - [配置Log4j信息：D:\ChenJie\workspace\HttpsTest\config\log4j.xml]
[2014/10/16 09:02:41 862] [INFO ] [foo.utility.Config] - [配置默认路径信息：D:\ChenJie\workspace\HttpsTest\config\Config.properties]
[2014/10/16 09:02:44 421] [INFO ] [foo.ProbeTimerTask] - [原状态是断开，现为连接]
[2014/10/16 09:03:25 451] [WARN ] [commons.httpclient.HttpMethodBase] - [Going to buffer response body of large or unknown size. Using getResponseBodyAsStream instead is recommended.]
[2014/10/16 09:03:26 887] [WARN ] [commons.httpclient.HttpMethodBase] - [Going to buffer response body of large or unknown size. Using getResponseBodyAsStream instead is recommended.]
[2014/10/16 12:29:50 660] [INFO ] [foo.HttpsUtil] - [原状态是连接，现为断开]
[2014/10/16 12:32:47 132] [INFO ] [foo.ProbeTimerTask] - [原状态是断开，现为连接]
[2014/10/16 15:11:50 597] [INFO ] [foo.HttpsUtil] - [原状态是连接，现为断开]
[2014/10/16 15:14:47 264] [INFO ] [foo.ProbeTimerTask] - [原状态是断开，现为连接]
[2014/10/17 08:35:46 986] [INFO ] [foo.HttpsUtil] - [原状态是连接，现为断开]
[2014/10/17 09:03:03 827] [WARN ] [commons.httpclient.HttpMethodBase] - [Going to buffer response body of large or unknown size. Using getResponseBodyAsStream instead is recommended.]
[2014/10/17 09:03:04 080] [WARN ] [commons.httpclient.HttpMethodBase] - [Going to buffer response body of large or unknown size. Using getResponseBodyAsStream instead is recommended.]
[2014/10/17 10:53:43 150] [INFO ] [foo.ProbeTimerTask] - [原状态是断开，现为连接]
[2014/10/17 20:11:48 204] [INFO ] [foo.HttpsUtil] - [原状态是连接，现为断开]
[2014/10/17 20:14:51 739] [INFO ] [foo.ProbeTimerTask] - [原状态是断开，现为连接]
[2014/10/17 22:08:48 514] [INFO ] [foo.HttpsUtil] - [原状态是连接，现为断开]
[2014/10/17 22:14:44 291] [INFO ] [foo.ProbeTimerTask] - [原状态是断开，现为连接]
[2014/10/18 09:03:00 510] [WARN ] [commons.httpclient.HttpMethodBase] - [Going to buffer response body of large or unknown size. Using getResponseBodyAsStream instead is recommended.]
[2014/10/18 09:03:00 964] [WARN ] [commons.httpclient.HttpMethodBase] - [Going to buffer response body of large or unknown size. Using getResponseBodyAsStream instead is recommended.]
[2014/10/18 09:41:50 256] [INFO ] [foo.HttpsUtil] - [原状态是连接，现为断开]
[2014/10/18 11:05:46 178] [INFO ] [foo.ProbeTimerTask] - [原状态是断开，现为连接]
[2014/10/19 09:03:00 633] [WARN ] [commons.httpclient.HttpMethodBase] - [Going to buffer response body of large or unknown size. Using getResponseBodyAsStream instead is recommended.]
[2014/10/19 09:03:01 023] [WARN ] [commons.httpclient.HttpMethodBase] - [Going to buffer response body of large or unknown size. Using getResponseBodyAsStream instead is recommended.]
[2014/10/20 09:03:01 886] [WARN ] [commons.httpclient.HttpMethodBase] - [Going to buffer response body of large or unknown size. Using getResponseBodyAsStream instead is recommended.]
[2014/10/20 09:03:02 322] [WARN ] [commons.httpclient.HttpMethodBase] - [Going to buffer response body of large or unknown size. Using getResponseBodyAsStream instead is recommended.]
[2014/10/21 09:03:00 718] [WARN ] [commons.httpclient.HttpMethodBase] - [Going to buffer response body of large or unknown size. Using getResponseBodyAsStream instead is recommended.]
[2014/10/21 09:03:00 921] [WARN ] [commons.httpclient.HttpMethodBase] - [Going to buffer response body of large or unknown size. Using getResponseBodyAsStream instead is recommended.]
[2014/10/21 13:42:00 443] [INFO ] [foo.HttpsUtil] - [原状态是连接，现为断开]
[2014/10/21 13:45:00 037] [INFO ] [foo.ProbeTimerTask] - [原状态是断开，现为连接]
[2014/10/21 16:06:04 427] [INFO ] [foo.HttpsUtil] - [原状态是连接，现为断开]
[2014/10/21 16:12:03 324] [INFO ] [foo.ProbeTimerTask] - [原状态是断开，现为连接]
[2014/10/22 09:03:00 483] [WARN ] [commons.httpclient.HttpMethodBase] - [Going to buffer response body of large or unknown size. Using getResponseBodyAsStream instead is recommended.]
[2014/10/22 09:03:00 732] [WARN ] [commons.httpclient.HttpMethodBase] - [Going to buffer response body of large or unknown size. Using getResponseBodyAsStream instead is recommended.]
[2014/10/22 13:45:04 230] [INFO ] [foo.HttpsUtil] - [原状态是连接，现为断开]
[2014/10/22 13:48:04 974] [INFO ] [foo.ProbeTimerTask] - [原状态是断开，现为连接]
[2014/10/23 09:03:01 055] [WARN ] [commons.httpclient.HttpMethodBase] - [Going to buffer response body of large or unknown size. Using getResponseBodyAsStream instead is recommended.]
[2014/10/23 09:03:01 385] [WARN ] [commons.httpclient.HttpMethodBase] - [Going to buffer response body of large or unknown size. Using getResponseBodyAsStream instead is recommended.]
[2014/10/24 00:30:07 643] [INFO ] [foo.HttpsUtil] - [原状态是连接，现为断开]
[2014/10/24 01:21:03 473] [INFO ] [foo.ProbeTimerTask] - [原状态是断开，现为连接]
[2014/10/24 01:24:07 738] [INFO ] [foo.HttpsUtil] - [原状态是连接，现为断开]
[2014/10/24 01:33:03 490] [INFO ] [foo.ProbeTimerTask] - [原状态是断开，现为连接]
[2014/10/24 01:57:07 777] [INFO ] [foo.HttpsUtil] - [原状态是连接，现为断开]
[2014/10/24 02:12:03 743] [INFO ] [foo.ProbeTimerTask] - [原状态是断开，现为连接]
[2014/10/24 02:48:07 877] [INFO ] [foo.HttpsUtil] - [原状态是连接，现为断开]
[2014/10/24 03:09:03 653] [INFO ] [foo.ProbeTimerTask] - [原状态是断开，现为连接]
[2014/10/24 09:03:00 805] [WARN ] [commons.httpclient.HttpMethodBase] - [Going to buffer response body of large or unknown size. Using getResponseBodyAsStream instead is recommended.]
[2014/10/24 09:03:01 115] [WARN ] [commons.httpclient.HttpMethodBase] - [Going to buffer response body of large or unknown size. Using getResponseBodyAsStream instead is recommended.]
[2014/10/25 09:03:00 441] [WARN ] [commons.httpclient.HttpMethodBase] - [Going to buffer response body of large or unknown size. Using getResponseBodyAsStream instead is recommended.]
[2014/10/25 09:03:00 659] [WARN ] [commons.httpclient.HttpMethodBase] - [Going to buffer response body of large or unknown size. Using getResponseBodyAsStream instead is recommended.]
[2014/10/26 09:03:00 940] [WARN ] [commons.httpclient.HttpMethodBase] - [Going to buffer response body of large or unknown size. Using getResponseBodyAsStream instead is recommended.]
[2014/10/26 09:03:01 236] [WARN ] [commons.httpclient.HttpMethodBase] - [Going to buffer response body of large or unknown size. Using getResponseBodyAsStream instead is recommended.]
[2014/10/27 09:03:01 372] [WARN ] [commons.httpclient.HttpMethodBase] - [Going to buffer response body of large or unknown size. Using getResponseBodyAsStream instead is recommended.]
[2014/10/27 09:03:01 712] [WARN ] [commons.httpclient.HttpMethodBase] - [Going to buffer response body of large or unknown size. Using getResponseBodyAsStream instead is recommended.]
[2014/10/27 09:24:19 330] [INFO ] [foo.HttpsUtil] - [原状态是连接，现为断开]
[2014/10/27 09:27:15 268] [INFO ] [foo.ProbeTimerTask] - [原状态是断开，现为连接]
[2014/10/28 09:03:01 463] [WARN ] [commons.httpclient.HttpMethodBase] - [Going to buffer response body of large or unknown size. Using getResponseBodyAsStream instead is recommended.]
[2014/10/28 09:03:01 743] [WARN ] [commons.httpclient.HttpMethodBase] - [Going to buffer response body of large or unknown size. Using getResponseBodyAsStream instead is recommended.]
[2014/10/29 09:03:00 547] [WARN ] [commons.httpclient.HttpMethodBase] - [Going to buffer response body of large or unknown size. Using getResponseBodyAsStream instead is recommended.]
[2014/10/29 09:03:00 874] [WARN ] [commons.httpclient.HttpMethodBase] - [Going to buffer response body of large or unknown size. Using getResponseBodyAsStream instead is recommended.]
[2014/10/30 09:03:00 579] [WARN ] [commons.httpclient.HttpMethodBase] - [Going to buffer response body of large or unknown size. Using getResponseBodyAsStream instead is recommended.]
[2014/10/30 09:03:00 819] [WARN ] [commons.httpclient.HttpMethodBase] - [Going to buffer response body of large or unknown size. Using getResponseBodyAsStream instead is recommended.]
[2014/10/31 09:03:01 260] [WARN ] [commons.httpclient.HttpMethodBase] - [Going to buffer response body of large or unknown size. Using getResponseBodyAsStream instead is recommended.]
[2014/10/31 09:03:01 453] [WARN ] [commons.httpclient.HttpMethodBase] - [Going to buffer response body of large or unknown size. Using getResponseBodyAsStream instead is recommended.]
[2014/10/31 11:54:26 063] [INFO ] [foo.HttpsUtil] - [原状态是连接，现为断开]
[2014/10/31 12:00:21 844] [INFO ] [foo.ProbeTimerTask] - [原状态是断开，现为连接]
