[2014/09/01 10:28:25 647] [WARN ] [commons.httpclient.HttpMethodBase] - [Going to buffer response body of large or unknown size. Using getResponseBodyAsStream instead is recommended.]
[2014/09/01 10:28:25 916] [WARN ] [commons.httpclient.HttpMethodBase] - [Going to buffer response body of large or unknown size. Using getResponseBodyAsStream instead is recommended.]
[2014/09/01 22:34:14 371] [INFO ] [foo.ProbeTimerTask] - [原状态是断开，现为连接]
[2014/09/02 08:52:18 685] [INFO ] [foo.HttpsUtil] - [原状态是连接，现为断开]
[2014/09/02 10:28:25 595] [WARN ] [commons.httpclient.HttpMethodBase] - [Going to buffer response body of large or unknown size. Using getResponseBodyAsStream instead is recommended.]
[2014/09/02 10:28:25 848] [WARN ] [commons.httpclient.HttpMethodBase] - [Going to buffer response body of large or unknown size. Using getResponseBodyAsStream instead is recommended.]
[2014/09/03 01:55:14 475] [INFO ] [foo.ProbeTimerTask] - [原状态是断开，现为连接]
[2014/09/03 10:28:25 595] [WARN ] [commons.httpclient.HttpMethodBase] - [Going to buffer response body of large or unknown size. Using getResponseBodyAsStream instead is recommended.]
[2014/09/03 10:28:25 776] [WARN ] [commons.httpclient.HttpMethodBase] - [Going to buffer response body of large or unknown size. Using getResponseBodyAsStream instead is recommended.]
[2014/09/03 12:34:23 125] [INFO ] [foo.HttpsUtil] - [原状态是连接，现为断开]
[2014/09/03 12:37:14 755] [INFO ] [foo.ProbeTimerTask] - [原状态是断开，现为连接]
[2014/09/03 22:43:18 798] [INFO ] [foo.HttpsUtil] - [原状态是连接，现为断开]
[2014/09/04 09:16:14 605] [INFO ] [foo.ProbeTimerTask] - [原状态是断开，现为连接]
[2014/09/04 09:34:18 801] [INFO ] [foo.HttpsUtil] - [原状态是连接，现为断开]
[2014/09/04 10:28:25 810] [WARN ] [commons.httpclient.HttpMethodBase] - [Going to buffer response body of large or unknown size. Using getResponseBodyAsStream instead is recommended.]
[2014/09/04 10:28:26 049] [WARN ] [commons.httpclient.HttpMethodBase] - [Going to buffer response body of large or unknown size. Using getResponseBodyAsStream instead is recommended.]
[2014/09/05 10:28:25 979] [WARN ] [commons.httpclient.HttpMethodBase] - [Going to buffer response body of large or unknown size. Using getResponseBodyAsStream instead is recommended.]
[2014/09/05 10:28:26 379] [WARN ] [commons.httpclient.HttpMethodBase] - [Going to buffer response body of large or unknown size. Using getResponseBodyAsStream instead is recommended.]
[2014/09/09 12:00:23 655] [INFO ] [foo.utility.Config] - [配置Log4j信息：D:\ChenJie\workspace\HttpsTest\config\log4j.xml]
[2014/09/09 12:00:23 690] [INFO ] [foo.utility.Config] - [配置默认路径信息：D:\ChenJie\workspace\HttpsTest\config\Config.properties]
[2014/09/09 12:00:31 462] [WARN ] [commons.httpclient.HttpMethodBase] - [Going to buffer response body of large or unknown size. Using getResponseBodyAsStream instead is recommended.]
[2014/09/09 12:00:31 986] [WARN ] [commons.httpclient.HttpMethodBase] - [Going to buffer response body of large or unknown size. Using getResponseBodyAsStream instead is recommended.]
[2014/09/10 08:42:24 555] [INFO ] [foo.ProbeTimerTask] - [原状态是断开，现为连接]
[2014/09/10 10:12:28 726] [INFO ] [foo.HttpsUtil] - [原状态是连接，现为断开]
[2014/09/10 10:16:16 455] [INFO ] [foo.ProbeTimerTask] - [原状态是断开，现为连接]
[2014/09/10 12:00:30 768] [WARN ] [commons.httpclient.HttpMethodBase] - [Going to buffer response body of large or unknown size. Using getResponseBodyAsStream instead is recommended.]
[2014/09/10 12:00:31 098] [WARN ] [commons.httpclient.HttpMethodBase] - [Going to buffer response body of large or unknown size. Using getResponseBodyAsStream instead is recommended.]
[2014/09/11 12:00:31 126] [WARN ] [commons.httpclient.HttpMethodBase] - [Going to buffer response body of large or unknown size. Using getResponseBodyAsStream instead is recommended.]
[2014/09/11 12:00:31 463] [WARN ] [commons.httpclient.HttpMethodBase] - [Going to buffer response body of large or unknown size. Using getResponseBodyAsStream instead is recommended.]
[2014/09/12 09:09:46 645] [INFO ] [foo.utility.Config] - [配置Log4j信息：D:\ChenJie\workspace\HttpsTest\config\log4j.xml]
[2014/09/12 09:09:46 680] [INFO ] [foo.utility.Config] - [配置默认路径信息：D:\ChenJie\workspace\HttpsTest\config\Config.properties]
[2014/09/12 09:09:54 096] [WARN ] [commons.httpclient.HttpMethodBase] - [Going to buffer response body of large or unknown size. Using getResponseBodyAsStream instead is recommended.]
[2014/09/12 09:09:54 664] [WARN ] [commons.httpclient.HttpMethodBase] - [Going to buffer response body of large or unknown size. Using getResponseBodyAsStream instead is recommended.]
[2014/09/13 09:09:54 688] [WARN ] [commons.httpclient.HttpMethodBase] - [Going to buffer response body of large or unknown size. Using getResponseBodyAsStream instead is recommended.]
[2014/09/13 09:09:54 868] [WARN ] [commons.httpclient.HttpMethodBase] - [Going to buffer response body of large or unknown size. Using getResponseBodyAsStream instead is recommended.]
[2014/09/13 09:54:47 546] [INFO ] [foo.ProbeTimerTask] - [原状态是断开，现为连接]
[2014/09/13 13:27:51 723] [INFO ] [foo.HttpsUtil] - [原状态是连接，现为断开]
[2014/09/13 13:36:47 544] [INFO ] [foo.ProbeTimerTask] - [原状态是断开，现为连接]
[2014/09/13 16:21:51 737] [INFO ] [foo.HttpsUtil] - [原状态是连接，现为断开]
[2014/09/13 19:21:47 497] [INFO ] [foo.ProbeTimerTask] - [原状态是断开，现为连接]
[2014/09/13 20:54:51 747] [INFO ] [foo.HttpsUtil] - [原状态是连接，现为断开]
[2014/09/14 09:09:53 551] [WARN ] [commons.httpclient.HttpMethodBase] - [Going to buffer response body of large or unknown size. Using getResponseBodyAsStream instead is recommended.]
[2014/09/14 09:09:53 769] [WARN ] [commons.httpclient.HttpMethodBase] - [Going to buffer response body of large or unknown size. Using getResponseBodyAsStream instead is recommended.]
[2014/09/14 20:12:47 512] [INFO ] [foo.ProbeTimerTask] - [原状态是断开，现为连接]
[2014/09/14 21:03:51 758] [INFO ] [foo.HttpsUtil] - [原状态是连接，现为断开]
[2014/09/15 09:09:53 627] [WARN ] [commons.httpclient.HttpMethodBase] - [Going to buffer response body of large or unknown size. Using getResponseBodyAsStream instead is recommended.]
[2014/09/15 09:09:53 841] [WARN ] [commons.httpclient.HttpMethodBase] - [Going to buffer response body of large or unknown size. Using getResponseBodyAsStream instead is recommended.]
[2014/09/15 10:57:49 090] [INFO ] [foo.ProbeTimerTask] - [原状态是断开，现为连接]
[2014/09/15 14:06:57 887] [INFO ] [foo.HttpsUtil] - [原状态是连接，现为断开]
[2014/09/15 14:09:50 594] [INFO ] [foo.ProbeTimerTask] - [原状态是断开，现为连接]
[2014/09/16 09:09:53 744] [WARN ] [commons.httpclient.HttpMethodBase] - [Going to buffer response body of large or unknown size. Using getResponseBodyAsStream instead is recommended.]
[2014/09/16 09:09:53 954] [WARN ] [commons.httpclient.HttpMethodBase] - [Going to buffer response body of large or unknown size. Using getResponseBodyAsStream instead is recommended.]
[2014/09/17 09:09:53 708] [WARN ] [commons.httpclient.HttpMethodBase] - [Going to buffer response body of large or unknown size. Using getResponseBodyAsStream instead is recommended.]
[2014/09/17 09:09:53 935] [WARN ] [commons.httpclient.HttpMethodBase] - [Going to buffer response body of large or unknown size. Using getResponseBodyAsStream instead is recommended.]
[2014/09/18 09:09:54 097] [WARN ] [commons.httpclient.HttpMethodBase] - [Going to buffer response body of large or unknown size. Using getResponseBodyAsStream instead is recommended.]
[2014/09/18 09:09:54 657] [WARN ] [commons.httpclient.HttpMethodBase] - [Going to buffer response body of large or unknown size. Using getResponseBodyAsStream instead is recommended.]
[2014/09/18 11:33:55 836] [INFO ] [foo.HttpsUtil] - [原状态是连接，现为断开]
[2014/09/18 11:36:49 955] [INFO ] [foo.ProbeTimerTask] - [原状态是断开，现为连接]
[2014/09/18 11:57:59 340] [INFO ] [foo.HttpsUtil] - [原状态是连接，现为断开]
[2014/09/18 12:01:00 903] [INFO ] [foo.ProbeTimerTask] - [原状态是断开，现为连接]
[2014/09/18 14:42:58 286] [INFO ] [foo.HttpsUtil] - [原状态是连接，现为断开]
[2014/09/18 14:51:54 146] [INFO ] [foo.ProbeTimerTask] - [原状态是断开，现为连接]
[2014/09/18 16:07:02 139] [INFO ] [foo.HttpsUtil] - [原状态是连接，现为断开]
[2014/09/18 16:09:55 521] [INFO ] [foo.ProbeTimerTask] - [原状态是断开，现为连接]
[2014/09/18 16:13:02 102] [INFO ] [foo.HttpsUtil] - [原状态是连接，现为断开]
[2014/09/18 16:16:00 122] [INFO ] [foo.ProbeTimerTask] - [原状态是断开，现为连接]
[2014/09/18 16:28:02 056] [INFO ] [foo.HttpsUtil] - [原状态是连接，现为断开]
[2014/09/18 16:30:57 486] [INFO ] [foo.ProbeTimerTask] - [原状态是断开，现为连接]
[2014/09/18 18:46:00 235] [INFO ] [foo.HttpsUtil] - [原状态是连接，现为断开]
[2014/09/18 18:48:55 174] [INFO ] [foo.ProbeTimerTask] - [原状态是断开，现为连接]
[2014/09/18 19:10:02 173] [INFO ] [foo.HttpsUtil] - [原状态是连接，现为断开]
[2014/09/18 19:15:56 179] [INFO ] [foo.ProbeTimerTask] - [原状态是断开，现为连接]
[2014/09/18 19:19:05 070] [INFO ] [foo.HttpsUtil] - [原状态是连接，现为断开]
[2014/09/18 19:21:55 812] [INFO ] [foo.ProbeTimerTask] - [原状态是断开，现为连接]
[2014/09/19 00:39:58 350] [INFO ] [foo.HttpsUtil] - [原状态是连接，现为断开]
[2014/09/19 00:42:55 213] [INFO ] [foo.ProbeTimerTask] - [原状态是断开，现为连接]
[2014/09/19 09:09:53 636] [WARN ] [commons.httpclient.HttpMethodBase] - [Going to buffer response body of large or unknown size. Using getResponseBodyAsStream instead is recommended.]
[2014/09/19 09:09:53 861] [WARN ] [commons.httpclient.HttpMethodBase] - [Going to buffer response body of large or unknown size. Using getResponseBodyAsStream instead is recommended.]
[2014/09/19 16:58:38 232] [INFO ] [foo.utility.Config] - [配置Log4j信息：D:\ChenJie\workspace\HttpsTest\config\log4j.xml]
[2014/09/19 16:58:38 232] [INFO ] [foo.utility.Config] - [配置Log4j信息：D:\ChenJie\workspace\HttpsTest\config\log4j.xml]
[2014/09/19 16:58:38 266] [INFO ] [foo.utility.Config] - [配置默认路径信息：D:\ChenJie\workspace\HttpsTest\config\Config.properties]
[2014/09/19 16:58:38 266] [INFO ] [foo.utility.Config] - [配置默认路径信息：D:\ChenJie\workspace\HttpsTest\config\Config.properties]
[2014/09/19 16:58:41 365] [INFO ] [foo.ProbeTimerTask] - [原状态是断开，现为连接]
[2014/09/19 16:58:41 747] [INFO ] [foo.ProbeTimerTask] - [原状态是断开，现为连接]
[2014/09/19 16:59:04 532] [WARN ] [commons.httpclient.HttpMethodBase] - [Going to buffer response body of large or unknown size. Using getResponseBodyAsStream instead is recommended.]
[2014/09/19 16:59:04 532] [WARN ] [commons.httpclient.HttpMethodBase] - [Going to buffer response body of large or unknown size. Using getResponseBodyAsStream instead is recommended.]
[2014/09/20 16:59:05 273] [WARN ] [commons.httpclient.HttpMethodBase] - [Going to buffer response body of large or unknown size. Using getResponseBodyAsStream instead is recommended.]
[2014/09/20 16:59:05 273] [WARN ] [commons.httpclient.HttpMethodBase] - [Going to buffer response body of large or unknown size. Using getResponseBodyAsStream instead is recommended.]
[2014/09/21 07:31:47 450] [INFO ] [foo.HttpsUtil] - [原状态是连接，现为断开]
[2014/09/21 07:34:44 128] [INFO ] [foo.ProbeTimerTask] - [原状态是断开，现为连接]
[2014/09/21 10:52:43 549] [INFO ] [foo.HttpsUtil] - [原状态是连接，现为断开]
[2014/09/21 10:52:46 993] [INFO ] [foo.HttpsUtil] - [原状态是连接，现为断开]
[2014/09/21 10:55:40 079] [INFO ] [foo.ProbeTimerTask] - [原状态是断开，现为连接]
[2014/09/21 10:55:40 141] [INFO ] [foo.ProbeTimerTask] - [原状态是断开，现为连接]
[2014/09/21 15:07:43 503] [INFO ] [foo.HttpsUtil] - [原状态是连接，现为断开]
[2014/09/21 15:07:43 503] [INFO ] [foo.HttpsUtil] - [原状态是连接，现为断开]
[2014/09/21 15:13:42 432] [INFO ] [foo.ProbeTimerTask] - [原状态是断开，现为连接]
[2014/09/21 15:13:42 570] [INFO ] [foo.ProbeTimerTask] - [原状态是断开，现为连接]
[2014/09/21 16:59:11 506] [WARN ] [commons.httpclient.HttpMethodBase] - [Going to buffer response body of large or unknown size. Using getResponseBodyAsStream instead is recommended.]
[2014/09/21 16:59:11 543] [WARN ] [commons.httpclient.HttpMethodBase] - [Going to buffer response body of large or unknown size. Using getResponseBodyAsStream instead is recommended.]
[2014/09/21 16:59:12 024] [WARN ] [commons.httpclient.HttpMethodBase] - [Going to buffer response body of large or unknown size. Using getResponseBodyAsStream instead is recommended.]
[2014/09/21 16:59:12 024] [WARN ] [commons.httpclient.HttpMethodBase] - [Going to buffer response body of large or unknown size. Using getResponseBodyAsStream instead is recommended.]
[2014/09/21 19:28:43 524] [INFO ] [foo.HttpsUtil] - [原状态是连接，现为断开]
[2014/09/21 19:28:43 524] [INFO ] [foo.HttpsUtil] - [原状态是连接，现为断开]
[2014/09/21 19:40:39 642] [INFO ] [foo.ProbeTimerTask] - [原状态是断开，现为连接]
[2014/09/21 19:40:39 804] [INFO ] [foo.ProbeTimerTask] - [原状态是断开，现为连接]
[2014/09/22 16:59:29 459] [WARN ] [commons.httpclient.HttpMethodBase] - [Going to buffer response body of large or unknown size. Using getResponseBodyAsStream instead is recommended.]
[2014/09/22 16:59:29 726] [WARN ] [commons.httpclient.HttpMethodBase] - [Going to buffer response body of large or unknown size. Using getResponseBodyAsStream instead is recommended.]
[2014/09/22 16:59:35 362] [WARN ] [commons.httpclient.HttpMethodBase] - [Going to buffer response body of large or unknown size. Using getResponseBodyAsStream instead is recommended.]
[2014/09/23 13:25:43 734] [INFO ] [foo.HttpsUtil] - [原状态是连接，现为断开]
[2014/09/23 13:25:43 753] [INFO ] [foo.HttpsUtil] - [原状态是连接，现为断开]
[2014/09/23 13:28:40 253] [INFO ] [foo.ProbeTimerTask] - [原状态是断开，现为连接]
[2014/09/23 13:28:40 345] [INFO ] [foo.ProbeTimerTask] - [原状态是断开，现为连接]
[2014/09/23 16:59:05 483] [WARN ] [commons.httpclient.HttpMethodBase] - [Going to buffer response body of large or unknown size. Using getResponseBodyAsStream instead is recommended.]
[2014/09/23 16:59:05 525] [WARN ] [commons.httpclient.HttpMethodBase] - [Going to buffer response body of large or unknown size. Using getResponseBodyAsStream instead is recommended.]
[2014/09/23 16:59:08 638] [WARN ] [commons.httpclient.HttpMethodBase] - [Going to buffer response body of large or unknown size. Using getResponseBodyAsStream instead is recommended.]
[2014/09/23 16:59:08 811] [WARN ] [commons.httpclient.HttpMethodBase] - [Going to buffer response body of large or unknown size. Using getResponseBodyAsStream instead is recommended.]
[2014/09/24 11:07:43 846] [INFO ] [foo.HttpsUtil] - [原状态是连接，现为断开]
[2014/09/24 11:07:43 892] [INFO ] [foo.HttpsUtil] - [原状态是连接，现为断开]
[2014/09/24 11:13:40 038] [INFO ] [foo.ProbeTimerTask] - [原状态是断开，现为连接]
[2014/09/24 11:13:40 169] [INFO ] [foo.ProbeTimerTask] - [原状态是断开，现为连接]
[2014/09/24 16:59:06 120] [WARN ] [commons.httpclient.HttpMethodBase] - [Going to buffer response body of large or unknown size. Using getResponseBodyAsStream instead is recommended.]
[2014/09/24 16:59:06 640] [WARN ] [commons.httpclient.HttpMethodBase] - [Going to buffer response body of large or unknown size. Using getResponseBodyAsStream instead is recommended.]
[2014/09/25 16:58:47 596] [INFO ] [foo.HttpsUtil] - [原状态是连接，现为断开]
[2014/09/25 16:59:11 469] [WARN ] [commons.httpclient.HttpMethodBase] - [Going to buffer response body of large or unknown size. Using getResponseBodyAsStream instead is recommended.]
[2014/09/25 17:01:40 110] [INFO ] [foo.ProbeTimerTask] - [原状态是断开，现为连接]
[2014/09/26 16:59:12 947] [WARN ] [commons.httpclient.HttpMethodBase] - [Going to buffer response body of large or unknown size. Using getResponseBodyAsStream instead is recommended.]
[2014/09/27 16:59:30 698] [WARN ] [commons.httpclient.HttpMethodBase] - [Going to buffer response body of large or unknown size. Using getResponseBodyAsStream instead is recommended.]
[2014/09/27 16:59:30 979] [WARN ] [commons.httpclient.HttpMethodBase] - [Going to buffer response body of large or unknown size. Using getResponseBodyAsStream instead is recommended.]
[2014/09/28 09:19:54 728] [INFO ] [foo.HttpsUtil] - [原状态是连接，现为断开]
[2014/09/28 09:22:48 311] [INFO ] [foo.ProbeTimerTask] - [原状态是断开，现为连接]
[2014/09/28 10:43:54 996] [INFO ] [foo.HttpsUtil] - [原状态是连接，现为断开]
[2014/09/28 10:46:47 434] [INFO ] [foo.ProbeTimerTask] - [原状态是断开，现为连接]
[2014/09/28 16:59:16 306] [WARN ] [commons.httpclient.HttpMethodBase] - [Going to buffer response body of large or unknown size. Using getResponseBodyAsStream instead is recommended.]
[2014/09/28 16:59:16 508] [WARN ] [commons.httpclient.HttpMethodBase] - [Going to buffer response body of large or unknown size. Using getResponseBodyAsStream instead is recommended.]
[2014/09/29 16:59:09 915] [WARN ] [commons.httpclient.HttpMethodBase] - [Going to buffer response body of large or unknown size. Using getResponseBodyAsStream instead is recommended.]
[2014/09/29 19:22:50 865] [INFO ] [foo.HttpsUtil] - [原状态是连接，现为断开]
[2014/09/30 09:40:46 621] [INFO ] [foo.ProbeTimerTask] - [原状态是断开，现为连接]
