[2014/08/01 12:59:02 332] [WARN ] [commons.httpclient.HttpMethodBase] - [Going to buffer response body of large or unknown size. Using getResponseBodyAsStream instead is recommended.]
[2014/08/01 12:59:02 556] [WARN ] [commons.httpclient.HttpMethodBase] - [Going to buffer response body of large or unknown size. Using getResponseBodyAsStream instead is recommended.]
[2014/08/02 00:44:01 671] [INFO ] [foo.HttpsUtil] - [原状态是连接，现为断开]
[2014/08/02 00:49:56 297] [INFO ] [foo.ProbeTimerTask] - [原状态是断开，现为连接]
[2014/08/02 01:05:01 837] [INFO ] [foo.HttpsUtil] - [原状态是连接，现为断开]
[2014/08/02 01:13:56 149] [INFO ] [foo.ProbeTimerTask] - [原状态是断开，现为连接]
[2014/08/02 01:43:58 196] [INFO ] [foo.HttpsUtil] - [原状态是连接，现为断开]
[2014/08/02 01:47:02 204] [INFO ] [foo.ProbeTimerTask] - [原状态是断开，现为连接]
[2014/08/02 01:56:01 703] [INFO ] [foo.HttpsUtil] - [原状态是连接，现为断开]
[2014/08/02 01:58:59 903] [INFO ] [foo.ProbeTimerTask] - [原状态是断开，现为连接]
[2014/08/02 02:32:01 914] [INFO ] [foo.HttpsUtil] - [原状态是连接，现为断开]
[2014/08/02 02:34:57 326] [INFO ] [foo.ProbeTimerTask] - [原状态是断开，现为连接]
[2014/08/02 02:59:01 679] [INFO ] [foo.HttpsUtil] - [原状态是连接，现为断开]
[2014/08/02 03:02:03 253] [INFO ] [foo.ProbeTimerTask] - [原状态是断开，现为连接]
[2014/08/02 03:20:01 788] [INFO ] [foo.HttpsUtil] - [原状态是连接，现为断开]
[2014/08/02 03:23:03 219] [INFO ] [foo.ProbeTimerTask] - [原状态是断开，现为连接]
[2014/08/02 03:38:01 948] [INFO ] [foo.HttpsUtil] - [原状态是连接，现为断开]
[2014/08/02 03:40:57 613] [INFO ] [foo.ProbeTimerTask] - [原状态是断开，现为连接]
[2014/08/02 03:47:01 815] [INFO ] [foo.HttpsUtil] - [原状态是连接，现为断开]
[2014/08/02 03:50:03 681] [INFO ] [foo.ProbeTimerTask] - [原状态是断开，现为连接]
[2014/08/02 03:56:05 358] [INFO ] [foo.HttpsUtil] - [原状态是连接，现为断开]
[2014/08/02 03:58:57 511] [INFO ] [foo.ProbeTimerTask] - [原状态是断开，现为连接]
[2014/08/02 04:16:58 204] [INFO ] [foo.HttpsUtil] - [原状态是连接，现为断开]
[2014/08/02 04:20:03 970] [INFO ] [foo.ProbeTimerTask] - [原状态是断开，现为连接]
[2014/08/02 05:25:58 234] [INFO ] [foo.HttpsUtil] - [原状态是连接，现为断开]
[2014/08/02 05:29:07 496] [INFO ] [foo.ProbeTimerTask] - [原状态是断开，现为连接]
[2014/08/02 05:55:58 251] [INFO ] [foo.HttpsUtil] - [原状态是连接，现为断开]
[2014/08/02 06:01:58 804] [INFO ] [foo.ProbeTimerTask] - [原状态是断开，现为连接]
[2014/08/02 06:08:01 812] [INFO ] [foo.HttpsUtil] - [原状态是连接，现为断开]
[2014/08/02 06:11:02 662] [INFO ] [foo.ProbeTimerTask] - [原状态是断开，现为连接]
[2014/08/02 06:23:01 824] [INFO ] [foo.HttpsUtil] - [原状态是连接，现为断开]
[2014/08/02 06:29:03 139] [INFO ] [foo.ProbeTimerTask] - [原状态是断开，现为连接]
[2014/08/02 06:41:03 658] [INFO ] [foo.HttpsUtil] - [原状态是连接，现为断开]
[2014/08/02 06:43:57 440] [INFO ] [foo.ProbeTimerTask] - [原状态是断开，现为连接]
[2014/08/02 07:14:01 869] [INFO ] [foo.HttpsUtil] - [原状态是连接，现为断开]
[2014/08/02 07:17:04 928] [INFO ] [foo.ProbeTimerTask] - [原状态是断开，现为连接]
[2014/08/02 07:26:09 530] [INFO ] [foo.HttpsUtil] - [原状态是连接，现为断开]
[2014/08/02 07:28:58 882] [INFO ] [foo.ProbeTimerTask] - [原状态是断开，现为连接]
[2014/08/02 07:32:07 586] [INFO ] [foo.HttpsUtil] - [原状态是连接，现为断开]
[2014/08/02 07:35:00 507] [INFO ] [foo.ProbeTimerTask] - [原状态是断开，现为连接]
[2014/08/02 07:50:05 056] [INFO ] [foo.HttpsUtil] - [原状态是连接，现为断开]
[2014/08/02 07:55:58 931] [INFO ] [foo.ProbeTimerTask] - [原状态是断开，现为连接]
[2014/08/02 08:02:01 232] [INFO ] [foo.HttpsUtil] - [原状态是连接，现为断开]
[2014/08/02 08:05:00 955] [INFO ] [foo.ProbeTimerTask] - [原状态是断开，现为连接]
[2014/08/02 08:55:58 694] [INFO ] [foo.HttpsUtil] - [原状态是连接，现为断开]
[2014/08/02 08:58:57 688] [INFO ] [foo.ProbeTimerTask] - [原状态是断开，现为连接]
[2014/08/02 09:37:58 287] [INFO ] [foo.HttpsUtil] - [原状态是连接，现为断开]
[2014/08/02 09:40:55 550] [INFO ] [foo.ProbeTimerTask] - [原状态是断开，现为连接]
[2014/08/02 11:14:01 228] [INFO ] [foo.HttpsUtil] - [原状态是连接，现为断开]
[2014/08/02 11:16:55 185] [INFO ] [foo.ProbeTimerTask] - [原状态是断开，现为连接]
[2014/08/02 12:59:02 275] [WARN ] [commons.httpclient.HttpMethodBase] - [Going to buffer response body of large or unknown size. Using getResponseBodyAsStream instead is recommended.]
[2014/08/02 12:59:02 482] [WARN ] [commons.httpclient.HttpMethodBase] - [Going to buffer response body of large or unknown size. Using getResponseBodyAsStream instead is recommended.]
[2014/08/02 13:43:58 281] [INFO ] [foo.HttpsUtil] - [原状态是连接，现为断开]
[2014/08/02 13:47:01 574] [INFO ] [foo.ProbeTimerTask] - [原状态是断开，现为连接]
[2014/08/02 14:08:01 967] [INFO ] [foo.HttpsUtil] - [原状态是连接，现为断开]
[2014/08/02 14:10:57 380] [INFO ] [foo.ProbeTimerTask] - [原状态是断开，现为连接]
[2014/08/02 16:13:58 309] [INFO ] [foo.HttpsUtil] - [原状态是连接，现为断开]
[2014/08/02 16:19:59 852] [INFO ] [foo.ProbeTimerTask] - [原状态是断开，现为连接]
[2014/08/02 17:40:58 340] [INFO ] [foo.HttpsUtil] - [原状态是连接，现为断开]
[2014/08/02 17:43:59 710] [INFO ] [foo.ProbeTimerTask] - [原状态是断开，现为连接]
[2014/08/02 18:29:06 479] [INFO ] [foo.HttpsUtil] - [原状态是连接，现为断开]
[2014/08/02 18:32:00 342] [INFO ] [foo.ProbeTimerTask] - [原状态是断开，现为连接]
[2014/08/02 19:11:01 882] [INFO ] [foo.HttpsUtil] - [原状态是连接，现为断开]
[2014/08/02 19:14:03 615] [INFO ] [foo.ProbeTimerTask] - [原状态是断开，现为连接]
[2014/08/02 20:01:58 358] [INFO ] [foo.HttpsUtil] - [原状态是连接，现为断开]
[2014/08/02 20:04:55 627] [INFO ] [foo.ProbeTimerTask] - [原状态是断开，现为连接]
[2014/08/02 21:26:02 071] [INFO ] [foo.HttpsUtil] - [原状态是连接，现为断开]
[2014/08/02 21:28:56 293] [INFO ] [foo.ProbeTimerTask] - [原状态是断开，现为连接]
[2014/08/02 21:56:01 827] [INFO ] [foo.HttpsUtil] - [原状态是连接，现为断开]
[2014/08/02 21:58:57 152] [INFO ] [foo.ProbeTimerTask] - [原状态是断开，现为连接]
[2014/08/02 22:44:01 965] [INFO ] [foo.HttpsUtil] - [原状态是连接，现为断开]
[2014/08/02 22:47:01 734] [INFO ] [foo.ProbeTimerTask] - [原状态是断开，现为连接]
[2014/08/02 23:59:02 080] [INFO ] [foo.HttpsUtil] - [原状态是连接，现为断开]
[2014/08/03 00:01:55 399] [INFO ] [foo.ProbeTimerTask] - [原状态是断开，现为连接]
[2014/08/03 01:07:58 419] [INFO ] [foo.HttpsUtil] - [原状态是连接，现为断开]
[2014/08/03 01:10:57 110] [INFO ] [foo.ProbeTimerTask] - [原状态是断开，现为连接]
[2014/08/03 01:32:05 333] [INFO ] [foo.HttpsUtil] - [原状态是连接，现为断开]
[2014/08/03 01:35:00 414] [INFO ] [foo.ProbeTimerTask] - [原状态是断开，现为连接]
[2014/08/03 01:38:02 052] [INFO ] [foo.HttpsUtil] - [原状态是连接，现为断开]
[2014/08/03 01:41:02 390] [INFO ] [foo.ProbeTimerTask] - [原状态是断开，现为连接]
[2014/08/03 01:56:01 423] [INFO ] [foo.HttpsUtil] - [原状态是连接，现为断开]
[2014/08/03 01:59:07 492] [INFO ] [foo.ProbeTimerTask] - [原状态是断开，现为连接]
[2014/08/03 02:32:01 887] [INFO ] [foo.HttpsUtil] - [原状态是连接，现为断开]
[2014/08/03 02:40:57 138] [INFO ] [foo.ProbeTimerTask] - [原状态是断开，现为连接]
[2014/08/03 03:05:03 017] [INFO ] [foo.HttpsUtil] - [原状态是连接，现为断开]
[2014/08/03 03:07:59 453] [INFO ] [foo.ProbeTimerTask] - [原状态是断开，现为连接]
[2014/08/03 04:14:01 868] [INFO ] [foo.HttpsUtil] - [原状态是连接，现为断开]
[2014/08/03 04:16:57 490] [INFO ] [foo.ProbeTimerTask] - [原状态是断开，现为连接]
[2014/08/03 04:23:01 921] [INFO ] [foo.HttpsUtil] - [原状态是连接，现为断开]
[2014/08/03 04:25:56 121] [INFO ] [foo.ProbeTimerTask] - [原状态是断开，现为连接]
[2014/08/03 12:59:02 288] [WARN ] [commons.httpclient.HttpMethodBase] - [Going to buffer response body of large or unknown size. Using getResponseBodyAsStream instead is recommended.]
[2014/08/03 12:59:02 514] [WARN ] [commons.httpclient.HttpMethodBase] - [Going to buffer response body of large or unknown size. Using getResponseBodyAsStream instead is recommended.]
[2014/08/04 08:16:58 385] [INFO ] [foo.HttpsUtil] - [原状态是连接，现为断开]
[2014/08/04 08:58:54 915] [INFO ] [foo.ProbeTimerTask] - [原状态是断开，现为连接]
[2014/08/04 12:59:02 363] [WARN ] [commons.httpclient.HttpMethodBase] - [Going to buffer response body of large or unknown size. Using getResponseBodyAsStream instead is recommended.]
[2014/08/04 18:43:58 431] [INFO ] [foo.HttpsUtil] - [原状态是连接，现为断开]
[2014/08/04 18:46:54 172] [INFO ] [foo.ProbeTimerTask] - [原状态是断开，现为连接]
[2014/08/04 20:31:58 442] [INFO ] [foo.HttpsUtil] - [原状态是连接，现为断开]
[2014/08/04 20:43:54 204] [INFO ] [foo.ProbeTimerTask] - [原状态是断开，现为连接]
[2014/08/05 12:59:03 013] [WARN ] [commons.httpclient.HttpMethodBase] - [Going to buffer response body of large or unknown size. Using getResponseBodyAsStream instead is recommended.]
[2014/08/05 12:59:03 402] [WARN ] [commons.httpclient.HttpMethodBase] - [Going to buffer response body of large or unknown size. Using getResponseBodyAsStream instead is recommended.]
[2014/08/06 12:59:02 562] [WARN ] [commons.httpclient.HttpMethodBase] - [Going to buffer response body of large or unknown size. Using getResponseBodyAsStream instead is recommended.]
[2014/08/06 12:59:02 849] [WARN ] [commons.httpclient.HttpMethodBase] - [Going to buffer response body of large or unknown size. Using getResponseBodyAsStream instead is recommended.]
[2014/08/06 20:08:02 458] [INFO ] [foo.HttpsUtil] - [原状态是连接，现为断开]
[2014/08/06 20:10:55 886] [INFO ] [foo.ProbeTimerTask] - [原状态是断开，现为连接]
[2014/08/07 12:59:02 346] [WARN ] [commons.httpclient.HttpMethodBase] - [Going to buffer response body of large or unknown size. Using getResponseBodyAsStream instead is recommended.]
[2014/08/07 12:59:02 544] [WARN ] [commons.httpclient.HttpMethodBase] - [Going to buffer response body of large or unknown size. Using getResponseBodyAsStream instead is recommended.]
[2014/08/07 13:59:02 612] [INFO ] [foo.HttpsUtil] - [原状态是连接，现为断开]
[2014/08/07 14:01:54 918] [INFO ] [foo.ProbeTimerTask] - [原状态是断开，现为连接]
[2014/08/08 12:59:02 397] [WARN ] [commons.httpclient.HttpMethodBase] - [Going to buffer response body of large or unknown size. Using getResponseBodyAsStream instead is recommended.]
[2014/08/08 12:59:02 611] [WARN ] [commons.httpclient.HttpMethodBase] - [Going to buffer response body of large or unknown size. Using getResponseBodyAsStream instead is recommended.]
[2014/08/08 18:17:00 836] [INFO ] [foo.HttpsUtil] - [原状态是连接，现为断开]
[2014/08/08 18:19:59 179] [INFO ] [foo.ProbeTimerTask] - [原状态是断开，现为连接]
[2014/08/09 12:59:02 275] [WARN ] [commons.httpclient.HttpMethodBase] - [Going to buffer response body of large or unknown size. Using getResponseBodyAsStream instead is recommended.]
[2014/08/09 12:59:02 497] [WARN ] [commons.httpclient.HttpMethodBase] - [Going to buffer response body of large or unknown size. Using getResponseBodyAsStream instead is recommended.]
[2014/08/10 12:59:02 350] [WARN ] [commons.httpclient.HttpMethodBase] - [Going to buffer response body of large or unknown size. Using getResponseBodyAsStream instead is recommended.]
[2014/08/10 12:59:02 521] [WARN ] [commons.httpclient.HttpMethodBase] - [Going to buffer response body of large or unknown size. Using getResponseBodyAsStream instead is recommended.]
[2014/08/11 12:59:02 383] [WARN ] [commons.httpclient.HttpMethodBase] - [Going to buffer response body of large or unknown size. Using getResponseBodyAsStream instead is recommended.]
[2014/08/11 12:59:02 573] [WARN ] [commons.httpclient.HttpMethodBase] - [Going to buffer response body of large or unknown size. Using getResponseBodyAsStream instead is recommended.]
[2014/08/12 12:59:02 328] [WARN ] [commons.httpclient.HttpMethodBase] - [Going to buffer response body of large or unknown size. Using getResponseBodyAsStream instead is recommended.]
[2014/08/12 12:59:02 542] [WARN ] [commons.httpclient.HttpMethodBase] - [Going to buffer response body of large or unknown size. Using getResponseBodyAsStream instead is recommended.]
[2014/08/12 18:00:44 381] [INFO ] [foo.utility.Config] - [配置Log4j信息：D:\ChenJie\workspace\HttpsTest\config\log4j.xml]
[2014/08/12 18:00:44 412] [INFO ] [foo.utility.Config] - [配置默认路径信息：D:\ChenJie\workspace\HttpsTest\config\Config.properties]
[2014/08/12 18:00:56 138] [INFO ] [foo.ProbeTimerTask] - [原状态是断开，现为连接]
[2014/08/12 18:01:05 832] [WARN ] [commons.httpclient.HttpMethodBase] - [Going to buffer response body of large or unknown size. Using getResponseBodyAsStream instead is recommended.]
[2014/08/13 09:06:52 608] [INFO ] [foo.HttpsUtil] - [原状态是连接，现为断开]
[2014/08/13 09:09:49 483] [INFO ] [foo.ProbeTimerTask] - [原状态是断开，现为连接]
[2014/08/13 10:18:51 624] [INFO ] [foo.HttpsUtil] - [原状态是连接，现为断开]
[2014/08/13 10:21:48 256] [INFO ] [foo.ProbeTimerTask] - [原状态是断开，现为连接]
[2014/08/13 13:45:56 862] [INFO ] [foo.HttpsUtil] - [原状态是连接，现为断开]
[2014/08/13 13:48:48 952] [INFO ] [foo.ProbeTimerTask] - [原状态是断开，现为连接]
[2014/08/13 18:01:05 596] [WARN ] [commons.httpclient.HttpMethodBase] - [Going to buffer response body of large or unknown size. Using getResponseBodyAsStream instead is recommended.]
[2014/08/13 18:01:05 784] [WARN ] [commons.httpclient.HttpMethodBase] - [Going to buffer response body of large or unknown size. Using getResponseBodyAsStream instead is recommended.]
[2014/08/14 08:57:26 125] [INFO ] [foo.utility.Config] - [配置Log4j信息：D:\ChenJie\workspace\HttpsTest\config\log4j.xml]
[2014/08/14 08:57:26 154] [INFO ] [foo.utility.Config] - [配置默认路径信息：D:\ChenJie\workspace\HttpsTest\config\Config.properties]
[2014/08/14 08:57:30 542] [INFO ] [foo.ProbeTimerTask] - [原状态是断开，现为连接]
[2014/08/14 08:57:40 579] [WARN ] [commons.httpclient.HttpMethodBase] - [Going to buffer response body of large or unknown size. Using getResponseBodyAsStream instead is recommended.]
[2014/08/14 08:57:45 061] [WARN ] [commons.httpclient.HttpMethodBase] - [Going to buffer response body of large or unknown size. Using getResponseBodyAsStream instead is recommended.]
[2014/08/15 03:33:31 240] [INFO ] [foo.HttpsUtil] - [原状态是连接，现为断开]
[2014/08/15 08:51:30 688] [INFO ] [foo.ProbeTimerTask] - [原状态是断开，现为连接]
[2014/08/15 08:57:39 871] [WARN ] [commons.httpclient.HttpMethodBase] - [Going to buffer response body of large or unknown size. Using getResponseBodyAsStream instead is recommended.]
[2014/08/15 08:57:40 083] [WARN ] [commons.httpclient.HttpMethodBase] - [Going to buffer response body of large or unknown size. Using getResponseBodyAsStream instead is recommended.]
[2014/08/16 08:57:39 826] [WARN ] [commons.httpclient.HttpMethodBase] - [Going to buffer response body of large or unknown size. Using getResponseBodyAsStream instead is recommended.]
[2014/08/16 08:57:40 026] [WARN ] [commons.httpclient.HttpMethodBase] - [Going to buffer response body of large or unknown size. Using getResponseBodyAsStream instead is recommended.]
[2014/08/17 08:57:39 926] [WARN ] [commons.httpclient.HttpMethodBase] - [Going to buffer response body of large or unknown size. Using getResponseBodyAsStream instead is recommended.]
[2014/08/17 08:57:40 146] [WARN ] [commons.httpclient.HttpMethodBase] - [Going to buffer response body of large or unknown size. Using getResponseBodyAsStream instead is recommended.]
[2014/08/18 08:57:40 523] [WARN ] [commons.httpclient.HttpMethodBase] - [Going to buffer response body of large or unknown size. Using getResponseBodyAsStream instead is recommended.]
[2014/08/18 08:57:40 811] [WARN ] [commons.httpclient.HttpMethodBase] - [Going to buffer response body of large or unknown size. Using getResponseBodyAsStream instead is recommended.]
[2014/08/19 08:57:41 411] [WARN ] [commons.httpclient.HttpMethodBase] - [Going to buffer response body of large or unknown size. Using getResponseBodyAsStream instead is recommended.]
[2014/08/19 08:57:41 974] [WARN ] [commons.httpclient.HttpMethodBase] - [Going to buffer response body of large or unknown size. Using getResponseBodyAsStream instead is recommended.]
[2014/08/19 11:09:38 594] [INFO ] [foo.HttpsUtil] - [原状态是连接，现为断开]
[2014/08/19 11:12:37 178] [INFO ] [foo.ProbeTimerTask] - [原状态是断开，现为连接]
[2014/08/19 14:00:35 499] [INFO ] [foo.HttpsUtil] - [原状态是连接，现为断开]
[2014/08/19 14:06:30 686] [INFO ] [foo.ProbeTimerTask] - [原状态是断开，现为连接]
[2014/08/20 08:57:40 380] [WARN ] [commons.httpclient.HttpMethodBase] - [Going to buffer response body of large or unknown size. Using getResponseBodyAsStream instead is recommended.]
[2014/08/20 08:57:40 904] [WARN ] [commons.httpclient.HttpMethodBase] - [Going to buffer response body of large or unknown size. Using getResponseBodyAsStream instead is recommended.]
[2014/08/20 15:54:31 910] [INFO ] [foo.HttpsUtil] - [原状态是连接，现为断开]
[2014/08/20 18:21:31 334] [INFO ] [foo.ProbeTimerTask] - [原状态是断开，现为连接]
[2014/08/20 19:42:31 904] [INFO ] [foo.HttpsUtil] - [原状态是连接，现为断开]
[2014/08/20 20:06:27 666] [INFO ] [foo.ProbeTimerTask] - [原状态是断开，现为连接]
[2014/08/21 16:54:32 232] [INFO ] [foo.HttpsUtil] - [原状态是连接，现为断开]
[2014/08/21 16:57:30 493] [INFO ] [foo.ProbeTimerTask] - [原状态是断开，现为连接]
[2014/08/22 08:57:40 436] [WARN ] [commons.httpclient.HttpMethodBase] - [Going to buffer response body of large or unknown size. Using getResponseBodyAsStream instead is recommended.]
[2014/08/22 08:57:40 672] [WARN ] [commons.httpclient.HttpMethodBase] - [Going to buffer response body of large or unknown size. Using getResponseBodyAsStream instead is recommended.]
[2014/08/23 08:36:39 011] [INFO ] [foo.HttpsUtil] - [原状态是连接，现为断开]
[2014/08/23 08:42:27 971] [INFO ] [foo.ProbeTimerTask] - [原状态是断开，现为连接]
[2014/08/23 08:57:40 209] [WARN ] [commons.httpclient.HttpMethodBase] - [Going to buffer response body of large or unknown size. Using getResponseBodyAsStream instead is recommended.]
[2014/08/23 08:57:40 486] [WARN ] [commons.httpclient.HttpMethodBase] - [Going to buffer response body of large or unknown size. Using getResponseBodyAsStream instead is recommended.]
[2014/08/24 08:57:40 109] [WARN ] [commons.httpclient.HttpMethodBase] - [Going to buffer response body of large or unknown size. Using getResponseBodyAsStream instead is recommended.]
[2014/08/24 08:57:40 472] [WARN ] [commons.httpclient.HttpMethodBase] - [Going to buffer response body of large or unknown size. Using getResponseBodyAsStream instead is recommended.]
[2014/08/25 08:57:40 152] [WARN ] [commons.httpclient.HttpMethodBase] - [Going to buffer response body of large or unknown size. Using getResponseBodyAsStream instead is recommended.]
[2014/08/25 08:57:40 419] [WARN ] [commons.httpclient.HttpMethodBase] - [Going to buffer response body of large or unknown size. Using getResponseBodyAsStream instead is recommended.]
[2014/08/26 09:01:49 738] [INFO ] [foo.utility.Config] - [配置Log4j信息：D:\ChenJie\workspace\HttpsTest\config\log4j.xml]
[2014/08/26 09:01:49 780] [INFO ] [foo.utility.Config] - [配置默认路径信息：D:\ChenJie\workspace\HttpsTest\config\Config.properties]
[2014/08/26 09:01:52 116] [INFO ] [foo.ProbeTimerTask] - [原状态是断开，现为连接]
[2014/08/26 09:01:59 875] [WARN ] [commons.httpclient.HttpMethodBase] - [Going to buffer response body of large or unknown size. Using getResponseBodyAsStream instead is recommended.]
[2014/08/26 09:02:00 551] [WARN ] [commons.httpclient.HttpMethodBase] - [Going to buffer response body of large or unknown size. Using getResponseBodyAsStream instead is recommended.]
[2014/08/26 10:25:55 037] [INFO ] [foo.HttpsUtil] - [原状态是连接，现为断开]
[2014/08/26 10:28:56 920] [INFO ] [foo.ProbeTimerTask] - [原状态是断开，现为连接]
[2014/08/26 13:34:55 134] [INFO ] [foo.HttpsUtil] - [原状态是连接，现为断开]
[2014/08/26 13:37:52 838] [INFO ] [foo.ProbeTimerTask] - [原状态是断开，现为连接]
[2014/08/26 20:55:54 862] [INFO ] [foo.HttpsUtil] - [原状态是连接，现为断开]
[2014/08/26 22:37:50 605] [INFO ] [foo.ProbeTimerTask] - [原状态是断开，现为连接]
[2014/08/27 09:01:59 192] [WARN ] [commons.httpclient.HttpMethodBase] - [Going to buffer response body of large or unknown size. Using getResponseBodyAsStream instead is recommended.]
[2014/08/27 09:01:59 428] [WARN ] [commons.httpclient.HttpMethodBase] - [Going to buffer response body of large or unknown size. Using getResponseBodyAsStream instead is recommended.]
[2014/08/27 14:32:01 991] [INFO ] [foo.HttpsUtil] - [原状态是连接，现为断开]
[2014/08/27 14:34:52 828] [INFO ] [foo.ProbeTimerTask] - [原状态是断开，现为连接]
[2014/08/28 10:28:13 419] [INFO ] [foo.utility.Config] - [配置Log4j信息：D:\ChenJie\workspace\HttpsTest\config\log4j.xml]
[2014/08/28 10:28:13 445] [INFO ] [foo.utility.Config] - [配置默认路径信息：D:\ChenJie\workspace\HttpsTest\config\Config.properties]
[2014/08/28 10:28:15 610] [INFO ] [foo.ProbeTimerTask] - [原状态是断开，现为连接]
[2014/08/28 10:28:27 318] [WARN ] [commons.httpclient.HttpMethodBase] - [Going to buffer response body of large or unknown size. Using getResponseBodyAsStream instead is recommended.]
[2014/08/28 10:28:27 843] [WARN ] [commons.httpclient.HttpMethodBase] - [Going to buffer response body of large or unknown size. Using getResponseBodyAsStream instead is recommended.]
[2014/08/28 11:13:22 801] [INFO ] [foo.HttpsUtil] - [原状态是连接，现为断开]
[2014/08/28 11:16:17 379] [INFO ] [foo.ProbeTimerTask] - [原状态是断开，现为连接]
[2014/08/28 12:16:18 608] [INFO ] [foo.HttpsUtil] - [原状态是连接，现为断开]
[2014/08/28 12:19:18 759] [INFO ] [foo.ProbeTimerTask] - [原状态是断开，现为连接]
[2014/08/28 12:37:26 537] [INFO ] [foo.HttpsUtil] - [原状态是连接，现为断开]
[2014/08/28 12:40:16 945] [INFO ] [foo.ProbeTimerTask] - [原状态是断开，现为连接]
[2014/08/28 12:52:18 723] [INFO ] [foo.HttpsUtil] - [原状态是连接，现为断开]
[2014/08/28 12:55:18 105] [INFO ] [foo.ProbeTimerTask] - [原状态是断开，现为连接]
[2014/08/28 13:07:18 474] [INFO ] [foo.HttpsUtil] - [原状态是连接，现为断开]
[2014/08/28 13:10:23 660] [INFO ] [foo.ProbeTimerTask] - [原状态是断开，现为连接]
[2014/08/28 13:28:22 282] [INFO ] [foo.HttpsUtil] - [原状态是连接，现为断开]
[2014/08/28 13:31:19 729] [INFO ] [foo.ProbeTimerTask] - [原状态是断开，现为连接]
[2014/08/28 14:16:19 416] [INFO ] [foo.HttpsUtil] - [原状态是连接，现为断开]
[2014/08/28 14:19:22 362] [INFO ] [foo.ProbeTimerTask] - [原状态是断开，现为连接]
[2014/08/28 16:04:23 314] [INFO ] [foo.HttpsUtil] - [原状态是连接，现为断开]
[2014/08/29 00:13:14 288] [INFO ] [foo.ProbeTimerTask] - [原状态是断开，现为连接]
[2014/08/29 08:37:18 556] [INFO ] [foo.HttpsUtil] - [原状态是连接，现为断开]
[2014/08/29 10:28:26 129] [WARN ] [commons.httpclient.HttpMethodBase] - [Going to buffer response body of large or unknown size. Using getResponseBodyAsStream instead is recommended.]
[2014/08/29 10:28:26 437] [WARN ] [commons.httpclient.HttpMethodBase] - [Going to buffer response body of large or unknown size. Using getResponseBodyAsStream instead is recommended.]
[2014/08/29 22:40:18 002] [INFO ] [foo.ProbeTimerTask] - [原状态是断开，现为连接]
[2014/08/30 00:22:18 567] [INFO ] [foo.HttpsUtil] - [原状态是连接，现为断开]
[2014/08/30 03:19:14 332] [INFO ] [foo.ProbeTimerTask] - [原状态是断开，现为连接]
[2014/08/30 07:43:18 595] [INFO ] [foo.HttpsUtil] - [原状态是连接，现为断开]
[2014/08/30 10:28:25 564] [WARN ] [commons.httpclient.HttpMethodBase] - [Going to buffer response body of large or unknown size. Using getResponseBodyAsStream instead is recommended.]
[2014/08/30 10:28:25 756] [WARN ] [commons.httpclient.HttpMethodBase] - [Going to buffer response body of large or unknown size. Using getResponseBodyAsStream instead is recommended.]
[2014/08/30 12:40:14 356] [INFO ] [foo.ProbeTimerTask] - [原状态是断开，现为连接]
[2014/08/30 12:49:22 273] [INFO ] [foo.HttpsUtil] - [原状态是连接，现为断开]
[2014/08/30 12:52:14 370] [INFO ] [foo.ProbeTimerTask] - [原状态是断开，现为连接]
[2014/08/30 13:22:18 601] [INFO ] [foo.HttpsUtil] - [原状态是连接，现为断开]
[2014/08/30 14:07:14 374] [INFO ] [foo.ProbeTimerTask] - [原状态是断开，现为连接]
[2014/08/30 15:49:18 611] [INFO ] [foo.HttpsUtil] - [原状态是连接，现为断开]
[2014/08/30 16:01:14 389] [INFO ] [foo.ProbeTimerTask] - [原状态是断开，现为连接]
[2014/08/30 16:34:18 615] [INFO ] [foo.HttpsUtil] - [原状态是连接，现为断开]
[2014/08/30 17:25:14 352] [INFO ] [foo.ProbeTimerTask] - [原状态是断开，现为连接]
[2014/08/30 18:28:18 622] [INFO ] [foo.HttpsUtil] - [原状态是连接，现为断开]
[2014/08/31 10:28:25 625] [WARN ] [commons.httpclient.HttpMethodBase] - [Going to buffer response body of large or unknown size. Using getResponseBodyAsStream instead is recommended.]
[2014/08/31 10:28:25 808] [WARN ] [commons.httpclient.HttpMethodBase] - [Going to buffer response body of large or unknown size. Using getResponseBodyAsStream instead is recommended.]
