[2014/07/02 00:47:31 046] [INFO ] [foo.HttpsUtil] - [原状态是连接，现为断开]
[2014/07/02 00:56:26 703] [INFO ] [foo.ProbeTimerTask] - [原状态是断开，现为连接]
[2014/07/03 16:23:31 062] [INFO ] [foo.HttpsUtil] - [原状态是连接，现为断开]
[2014/07/03 17:47:26 734] [INFO ] [foo.ProbeTimerTask] - [原状态是断开，现为连接]
[2014/07/04 09:02:34 843] [INFO ] [foo.HttpsUtil] - [原状态是连接，现为断开]
[2014/07/04 09:05:26 765] [INFO ] [foo.ProbeTimerTask] - [原状态是断开，现为连接]
[2014/07/04 10:35:31 265] [INFO ] [foo.HttpsUtil] - [原状态是连接，现为断开]
[2014/07/04 10:38:37 890] [INFO ] [foo.ProbeTimerTask] - [原状态是断开，现为连接]
[2014/07/04 13:53:37 937] [INFO ] [foo.HttpsUtil] - [原状态是连接，现为断开]
[2014/07/04 13:56:29 500] [INFO ] [foo.ProbeTimerTask] - [原状态是断开，现为连接]
[2014/07/05 20:32:31 046] [INFO ] [foo.HttpsUtil] - [原状态是连接，现为断开]
[2014/07/05 21:08:26 718] [INFO ] [foo.ProbeTimerTask] - [原状态是断开，现为连接]
[2014/07/06 05:26:31 046] [INFO ] [foo.HttpsUtil] - [原状态是连接，现为断开]
[2014/07/06 18:32:26 718] [INFO ] [foo.ProbeTimerTask] - [原状态是断开，现为连接]
[2014/07/08 00:47:31 109] [INFO ] [foo.HttpsUtil] - [原状态是连接，现为断开]
[2014/07/08 01:53:26 765] [INFO ] [foo.ProbeTimerTask] - [原状态是断开，现为连接]
[2014/07/08 15:02:34 812] [INFO ] [foo.HttpsUtil] - [原状态是连接，现为断开]
[2014/07/08 15:05:26 953] [INFO ] [foo.ProbeTimerTask] - [原状态是断开，现为连接]
[2014/07/08 15:08:31 093] [INFO ] [foo.HttpsUtil] - [原状态是连接，现为断开]
[2014/07/08 15:29:30 187] [INFO ] [foo.ProbeTimerTask] - [原状态是断开，现为连接]
[2014/07/08 16:02:31 093] [INFO ] [foo.HttpsUtil] - [原状态是连接，现为断开]
[2014/07/08 16:17:26 781] [INFO ] [foo.ProbeTimerTask] - [原状态是断开，现为连接]
[2014/07/09 07:32:31 171] [INFO ] [foo.HttpsUtil] - [原状态是连接，现为断开]
[2014/07/09 08:59:26 984] [INFO ] [foo.ProbeTimerTask] - [原状态是断开，现为连接]
[2014/07/09 16:17:31 171] [INFO ] [foo.HttpsUtil] - [原状态是连接，现为断开]
[2014/07/09 17:02:26 843] [INFO ] [foo.ProbeTimerTask] - [原状态是断开，现为连接]
[2014/07/12 14:41:31 187] [INFO ] [foo.HttpsUtil] - [原状态是连接，现为断开]
[2014/07/12 20:08:26 953] [INFO ] [foo.ProbeTimerTask] - [原状态是断开，现为连接]
[2014/07/12 20:14:31 171] [INFO ] [foo.HttpsUtil] - [原状态是连接，现为断开]
[2014/07/12 20:23:26 921] [INFO ] [foo.ProbeTimerTask] - [原状态是断开，现为连接]
[2014/07/12 20:26:31 171] [INFO ] [foo.HttpsUtil] - [原状态是连接，现为断开]
[2014/07/12 20:35:26 921] [INFO ] [foo.ProbeTimerTask] - [原状态是断开，现为连接]
[2014/07/12 20:50:31 171] [INFO ] [foo.HttpsUtil] - [原状态是连接，现为断开]
[2014/07/12 20:56:26 937] [INFO ] [foo.ProbeTimerTask] - [原状态是断开，现为连接]
[2014/07/16 11:05:38 968] [INFO ] [foo.HttpsUtil] - [原状态是连接，现为断开]
[2014/07/16 11:08:30 875] [INFO ] [foo.ProbeTimerTask] - [原状态是断开，现为连接]
[2014/07/16 16:32:31 375] [INFO ] [foo.HttpsUtil] - [原状态是连接，现为断开]
[2014/07/16 16:35:27 000] [INFO ] [foo.ProbeTimerTask] - [原状态是断开，现为连接]
[2014/07/17 12:59:34 781] [INFO ] [foo.HttpsUtil] - [原状态是连接，现为断开]
[2014/07/17 13:02:27 500] [INFO ] [foo.ProbeTimerTask] - [原状态是断开，现为连接]
[2014/07/19 20:29:31 671] [INFO ] [foo.HttpsUtil] - [原状态是连接，现为断开]
[2014/07/21 09:14:27 609] [INFO ] [foo.ProbeTimerTask] - [原状态是断开，现为连接]
[2014/07/21 12:50:31 796] [INFO ] [foo.HttpsUtil] - [原状态是连接，现为断开]
[2014/07/21 12:53:27 781] [INFO ] [foo.ProbeTimerTask] - [原状态是断开，现为连接]
[2014/07/21 13:56:31 671] [INFO ] [foo.HttpsUtil] - [原状态是连接，现为断开]
[2014/07/21 13:59:27 859] [INFO ] [foo.ProbeTimerTask] - [原状态是断开，现为连接]
[2014/07/22 13:41:32 187] [INFO ] [foo.HttpsUtil] - [原状态是连接，现为断开]
[2014/07/22 13:44:35 031] [INFO ] [foo.ProbeTimerTask] - [原状态是断开，现为连接]
[2014/07/22 14:29:35 484] [INFO ] [foo.HttpsUtil] - [原状态是连接，现为断开]
[2014/07/22 14:32:34 468] [INFO ] [foo.ProbeTimerTask] - [原状态是断开，现为连接]
[2014/07/22 14:56:35 359] [INFO ] [foo.HttpsUtil] - [原状态是连接，现为断开]
[2014/07/22 14:59:34 343] [INFO ] [foo.ProbeTimerTask] - [原状态是断开，现为连接]
[2014/07/22 15:02:32 437] [INFO ] [foo.HttpsUtil] - [原状态是连接，现为断开]
[2014/07/22 15:05:36 515] [INFO ] [foo.ProbeTimerTask] - [原状态是断开，现为连接]
[2014/07/24 19:29:05 139] [INFO ] [foo.utility.Config] - [配置Log4j信息：D:\ChenJie\workspace\HttpsTest\config\log4j.xml]
[2014/07/24 19:29:05 153] [INFO ] [foo.utility.Config] - [配置默认路径信息：D:\ChenJie\workspace\HttpsTest\config\Config.properties]
[2014/07/24 19:29:07 453] [INFO ] [foo.ProbeTimerTask] - [原状态是断开，现为连接]
[2014/07/24 20:25:59 106] [INFO ] [foo.utility.Config] - [配置Log4j信息：D:\ChenJie\workspace\HttpsTest\config\log4j.xml]
[2014/07/24 20:25:59 107] [INFO ] [foo.utility.Config] - [配置默认路径信息：D:\ChenJie\workspace\HttpsTest\config\Config.properties]
[2014/07/24 20:26:00 154] [INFO ] [foo.ProbeTimerTask] - [原状态是断开，现为连接]
[2014/07/24 20:26:06 587] [WARN ] [commons.httpclient.HttpMethodBase] - [Going to buffer response body of large or unknown size. Using getResponseBodyAsStream instead is recommended.]
[2014/07/25 09:46:48 825] [INFO ] [foo.utility.Config] - [配置Log4j信息：D:\ChenJie\workspace\HttpsTest\config\log4j.xml]
[2014/07/25 09:46:48 859] [INFO ] [foo.utility.Config] - [配置默认路径信息：D:\ChenJie\workspace\HttpsTest\config\Config.properties]
[2014/07/25 09:46:53 059] [INFO ] [foo.ProbeTimerTask] - [原状态是断开，现为连接]
[2014/07/25 09:47:01 393] [WARN ] [commons.httpclient.HttpMethodBase] - [Going to buffer response body of large or unknown size. Using getResponseBodyAsStream instead is recommended.]
[2014/07/25 09:47:01 939] [WARN ] [commons.httpclient.HttpMethodBase] - [Going to buffer response body of large or unknown size. Using getResponseBodyAsStream instead is recommended.]
[2014/07/26 12:58:52 284] [INFO ] [foo.utility.Config] - [配置Log4j信息：D:\ChenJie\workspace\HttpsTest\config\log4j.xml]
[2014/07/26 12:58:52 319] [INFO ] [foo.utility.Config] - [配置默认路径信息：D:\ChenJie\workspace\HttpsTest\config\Config.properties]
[2014/07/26 12:58:54 488] [INFO ] [foo.ProbeTimerTask] - [原状态是断开，现为连接]
[2014/07/26 12:59:02 743] [WARN ] [commons.httpclient.HttpMethodBase] - [Going to buffer response body of large or unknown size. Using getResponseBodyAsStream instead is recommended.]
[2014/07/26 12:59:03 251] [WARN ] [commons.httpclient.HttpMethodBase] - [Going to buffer response body of large or unknown size. Using getResponseBodyAsStream instead is recommended.]
[2014/07/27 08:25:57 443] [INFO ] [foo.HttpsUtil] - [原状态是连接，现为断开]
[2014/07/27 09:28:53 202] [INFO ] [foo.ProbeTimerTask] - [原状态是断开，现为连接]
[2014/07/27 12:59:02 494] [WARN ] [commons.httpclient.HttpMethodBase] - [Going to buffer response body of large or unknown size. Using getResponseBodyAsStream instead is recommended.]
[2014/07/27 12:59:02 720] [WARN ] [commons.httpclient.HttpMethodBase] - [Going to buffer response body of large or unknown size. Using getResponseBodyAsStream instead is recommended.]
[2014/07/27 15:34:57 473] [INFO ] [foo.HttpsUtil] - [原状态是连接，现为断开]
[2014/07/28 10:31:53 298] [INFO ] [foo.ProbeTimerTask] - [原状态是断开，现为连接]
[2014/07/28 12:59:02 521] [WARN ] [commons.httpclient.HttpMethodBase] - [Going to buffer response body of large or unknown size. Using getResponseBodyAsStream instead is recommended.]
[2014/07/28 12:59:02 759] [WARN ] [commons.httpclient.HttpMethodBase] - [Going to buffer response body of large or unknown size. Using getResponseBodyAsStream instead is recommended.]
[2014/07/29 08:55:57 593] [INFO ] [foo.HttpsUtil] - [原状态是连接，现为断开]
[2014/07/29 09:37:53 608] [INFO ] [foo.ProbeTimerTask] - [原状态是断开，现为连接]
[2014/07/29 12:59:02 310] [WARN ] [commons.httpclient.HttpMethodBase] - [Going to buffer response body of large or unknown size. Using getResponseBodyAsStream instead is recommended.]
[2014/07/29 17:04:57 835] [INFO ] [foo.HttpsUtil] - [原状态是连接，现为断开]
[2014/07/29 17:07:53 385] [INFO ] [foo.ProbeTimerTask] - [原状态是断开，现为连接]
[2014/07/29 20:10:57 649] [INFO ] [foo.HttpsUtil] - [原状态是连接，现为断开]
[2014/07/30 09:37:53 510] [INFO ] [foo.ProbeTimerTask] - [原状态是断开，现为连接]
[2014/07/30 12:59:02 337] [WARN ] [commons.httpclient.HttpMethodBase] - [Going to buffer response body of large or unknown size. Using getResponseBodyAsStream instead is recommended.]
[2014/07/30 12:59:02 562] [WARN ] [commons.httpclient.HttpMethodBase] - [Going to buffer response body of large or unknown size. Using getResponseBodyAsStream instead is recommended.]
[2014/07/31 09:46:58 692] [INFO ] [foo.HttpsUtil] - [原状态是连接，现为断开]
[2014/07/31 09:49:54 644] [INFO ] [foo.ProbeTimerTask] - [原状态是断开，现为连接]
[2014/07/31 12:59:02 613] [WARN ] [commons.httpclient.HttpMethodBase] - [Going to buffer response body of large or unknown size. Using getResponseBodyAsStream instead is recommended.]
[2014/07/31 16:56:03 635] [INFO ] [foo.HttpsUtil] - [原状态是连接，现为断开]
[2014/07/31 16:58:58 089] [INFO ] [foo.ProbeTimerTask] - [原状态是断开，现为连接]
