[2014/12/01 09:11:41 335] [WARN ] [commons.httpclient.HttpMethodBase] - [Going to buffer response body of large or unknown size. Using getResponseBodyAsStream instead is recommended.]
[2014/12/01 09:11:41 961] [WARN ] [commons.httpclient.HttpMethodBase] - [Going to buffer response body of large or unknown size. Using getResponseBodyAsStream instead is recommended.]
[2014/12/02 09:11:41 605] [WARN ] [commons.httpclient.HttpMethodBase] - [Going to buffer response body of large or unknown size. Using getResponseBodyAsStream instead is recommended.]
[2014/12/02 09:11:42 108] [WARN ] [commons.httpclient.HttpMethodBase] - [Going to buffer response body of large or unknown size. Using getResponseBodyAsStream instead is recommended.]
[2014/12/02 11:02:58 798] [INFO ] [foo.HttpsUtil] - [原状态是连接，现为断开]
[2014/12/02 11:08:51 109] [INFO ] [foo.ProbeTimerTask] - [原状态是断开，现为连接]
[2014/12/03 09:11:40 488] [WARN ] [commons.httpclient.HttpMethodBase] - [Going to buffer response body of large or unknown size. Using getResponseBodyAsStream instead is recommended.]
[2014/12/03 09:11:41 058] [WARN ] [commons.httpclient.HttpMethodBase] - [Going to buffer response body of large or unknown size. Using getResponseBodyAsStream instead is recommended.]
[2014/12/04 09:11:41 413] [WARN ] [commons.httpclient.HttpMethodBase] - [Going to buffer response body of large or unknown size. Using getResponseBodyAsStream instead is recommended.]
[2014/12/04 09:11:41 790] [WARN ] [commons.httpclient.HttpMethodBase] - [Going to buffer response body of large or unknown size. Using getResponseBodyAsStream instead is recommended.]
[2014/12/05 09:11:40 942] [WARN ] [commons.httpclient.HttpMethodBase] - [Going to buffer response body of large or unknown size. Using getResponseBodyAsStream instead is recommended.]
[2014/12/05 09:11:41 172] [WARN ] [commons.httpclient.HttpMethodBase] - [Going to buffer response body of large or unknown size. Using getResponseBodyAsStream instead is recommended.]
[2014/12/06 09:11:40 965] [WARN ] [commons.httpclient.HttpMethodBase] - [Going to buffer response body of large or unknown size. Using getResponseBodyAsStream instead is recommended.]
[2014/12/06 09:11:42 055] [WARN ] [commons.httpclient.HttpMethodBase] - [Going to buffer response body of large or unknown size. Using getResponseBodyAsStream instead is recommended.]
[2014/12/07 09:11:40 914] [WARN ] [commons.httpclient.HttpMethodBase] - [Going to buffer response body of large or unknown size. Using getResponseBodyAsStream instead is recommended.]
[2014/12/07 09:11:41 904] [WARN ] [commons.httpclient.HttpMethodBase] - [Going to buffer response body of large or unknown size. Using getResponseBodyAsStream instead is recommended.]
[2014/12/08 09:11:45 109] [WARN ] [commons.httpclient.HttpMethodBase] - [Going to buffer response body of large or unknown size. Using getResponseBodyAsStream instead is recommended.]
[2014/12/08 09:11:48 445] [WARN ] [commons.httpclient.HttpMethodBase] - [Going to buffer response body of large or unknown size. Using getResponseBodyAsStream instead is recommended.]
[2014/12/08 09:12:07 413] [INFO ] [foo.HttpsUtil] - [原状态是连接，现为断开]
[2014/12/08 09:15:05 690] [INFO ] [foo.ProbeTimerTask] - [原状态是断开，现为连接]
[2014/12/08 09:27:09 942] [INFO ] [foo.HttpsUtil] - [原状态是连接，现为断开]
[2014/12/08 09:30:07 063] [INFO ] [foo.ProbeTimerTask] - [原状态是断开，现为连接]
[2014/12/09 09:11:42 277] [WARN ] [commons.httpclient.HttpMethodBase] - [Going to buffer response body of large or unknown size. Using getResponseBodyAsStream instead is recommended.]
[2014/12/09 09:11:43 217] [WARN ] [commons.httpclient.HttpMethodBase] - [Going to buffer response body of large or unknown size. Using getResponseBodyAsStream instead is recommended.]
[2014/12/10 09:12:07 243] [WARN ] [commons.httpclient.HttpMethodBase] - [Going to buffer response body of large or unknown size. Using getResponseBodyAsStream instead is recommended.]
[2014/12/10 09:12:15 018] [WARN ] [commons.httpclient.HttpMethodBase] - [Going to buffer response body of large or unknown size. Using getResponseBodyAsStream instead is recommended.]
[2014/12/10 09:12:30 225] [INFO ] [foo.HttpsUtil] - [原状态是连接，现为断开]
[2014/12/10 09:21:46 484] [INFO ] [foo.ProbeTimerTask] - [原状态是断开，现为连接]
[2014/12/10 16:12:47 783] [INFO ] [foo.HttpsUtil] - [原状态是连接，现为断开]
[2014/12/10 16:15:43 581] [INFO ] [foo.ProbeTimerTask] - [原状态是断开，现为连接]
[2014/12/11 09:10:25 080] [INFO ] [foo.utility.Config] - [配置Log4j信息：D:\ChenJie\workspace\HttpsTest\config\log4j.xml]
[2014/12/11 09:10:25 403] [INFO ] [foo.utility.Config] - [配置默认路径信息：D:\ChenJie\workspace\HttpsTest\config\Config.properties]
[2014/12/11 09:10:45 306] [INFO ] [foo.ProbeTimerTask] - [原状态是断开，现为连接]
[2014/12/11 09:11:00 190] [WARN ] [commons.httpclient.HttpMethodBase] - [Going to buffer response body of large or unknown size. Using getResponseBodyAsStream instead is recommended.]
[2014/12/11 09:11:00 802] [WARN ] [commons.httpclient.HttpMethodBase] - [Going to buffer response body of large or unknown size. Using getResponseBodyAsStream instead is recommended.]
[2014/12/12 08:49:52 686] [INFO ] [foo.utility.Config] - [配置Log4j信息：D:\ChenJie\workspace\HttpsTest\config\log4j.xml]
[2014/12/12 08:49:52 721] [INFO ] [foo.utility.Config] - [配置默认路径信息：D:\ChenJie\workspace\HttpsTest\config\Config.properties]
[2014/12/12 08:49:55 707] [INFO ] [foo.ProbeTimerTask] - [原状态是断开，现为连接]
[2014/12/12 08:50:09 592] [WARN ] [commons.httpclient.HttpMethodBase] - [Going to buffer response body of large or unknown size. Using getResponseBodyAsStream instead is recommended.]
[2014/12/12 08:50:18 589] [WARN ] [commons.httpclient.HttpMethodBase] - [Going to buffer response body of large or unknown size. Using getResponseBodyAsStream instead is recommended.]
[2014/12/12 09:05:01 098] [INFO ] [foo.HttpsUtil] - [原状态是连接，现为断开]
[2014/12/12 09:08:10 476] [INFO ] [foo.ProbeTimerTask] - [原状态是断开，现为连接]
[2014/12/15 09:06:07 582] [INFO ] [foo.utility.Config] - [配置Log4j信息：D:\ChenJie\workspace\HttpsTest\config\log4j.xml]
[2014/12/15 09:06:07 626] [INFO ] [foo.utility.Config] - [配置默认路径信息：D:\ChenJie\workspace\HttpsTest\config\Config.properties]
[2014/12/15 09:06:22 901] [INFO ] [foo.ProbeTimerTask] - [原状态是断开，现为连接]
[2014/12/15 09:06:42 021] [WARN ] [commons.httpclient.HttpMethodBase] - [Going to buffer response body of large or unknown size. Using getResponseBodyAsStream instead is recommended.]
[2014/12/15 09:06:44 943] [WARN ] [commons.httpclient.HttpMethodBase] - [Going to buffer response body of large or unknown size. Using getResponseBodyAsStream instead is recommended.]
[2014/12/16 09:06:38 993] [WARN ] [commons.httpclient.HttpMethodBase] - [Going to buffer response body of large or unknown size. Using getResponseBodyAsStream instead is recommended.]
[2014/12/16 09:06:39 335] [WARN ] [commons.httpclient.HttpMethodBase] - [Going to buffer response body of large or unknown size. Using getResponseBodyAsStream instead is recommended.]
[2014/12/17 09:07:39 834] [WARN ] [commons.httpclient.HttpMethodBase] - [Going to buffer response body of large or unknown size. Using getResponseBodyAsStream instead is recommended.]
[2014/12/19 09:19:24 190] [INFO ] [foo.utility.Config] - [配置Log4j信息：D:\ChenJie\workspace\HttpsTest\config\log4j.xml]
[2014/12/19 09:19:24 223] [INFO ] [foo.utility.Config] - [配置默认路径信息：D:\ChenJie\workspace\HttpsTest\config\Config.properties]
[2014/12/19 09:19:26 607] [INFO ] [foo.ProbeTimerTask] - [原状态是断开，现为连接]
[2014/12/19 09:19:34 827] [WARN ] [commons.httpclient.HttpMethodBase] - [Going to buffer response body of large or unknown size. Using getResponseBodyAsStream instead is recommended.]
[2014/12/19 09:19:35 293] [WARN ] [commons.httpclient.HttpMethodBase] - [Going to buffer response body of large or unknown size. Using getResponseBodyAsStream instead is recommended.]
[2014/12/20 09:19:34 571] [WARN ] [commons.httpclient.HttpMethodBase] - [Going to buffer response body of large or unknown size. Using getResponseBodyAsStream instead is recommended.]
[2014/12/20 09:19:34 791] [WARN ] [commons.httpclient.HttpMethodBase] - [Going to buffer response body of large or unknown size. Using getResponseBodyAsStream instead is recommended.]
[2014/12/21 09:19:34 531] [WARN ] [commons.httpclient.HttpMethodBase] - [Going to buffer response body of large or unknown size. Using getResponseBodyAsStream instead is recommended.]
[2014/12/21 09:19:34 731] [WARN ] [commons.httpclient.HttpMethodBase] - [Going to buffer response body of large or unknown size. Using getResponseBodyAsStream instead is recommended.]
[2014/12/22 09:19:34 702] [WARN ] [commons.httpclient.HttpMethodBase] - [Going to buffer response body of large or unknown size. Using getResponseBodyAsStream instead is recommended.]
[2014/12/22 09:19:34 942] [WARN ] [commons.httpclient.HttpMethodBase] - [Going to buffer response body of large or unknown size. Using getResponseBodyAsStream instead is recommended.]
[2014/12/23 09:19:39 402] [WARN ] [commons.httpclient.HttpMethodBase] - [Going to buffer response body of large or unknown size. Using getResponseBodyAsStream instead is recommended.]
[2014/12/23 09:19:42 404] [WARN ] [commons.httpclient.HttpMethodBase] - [Going to buffer response body of large or unknown size. Using getResponseBodyAsStream instead is recommended.]
[2014/12/23 10:52:38 068] [INFO ] [foo.HttpsUtil] - [原状态是连接，现为断开]
[2014/12/23 10:55:33 682] [INFO ] [foo.ProbeTimerTask] - [原状态是断开，现为连接]
[2014/12/23 12:43:38 209] [INFO ] [foo.HttpsUtil] - [原状态是连接，现为断开]
[2014/12/23 12:46:34 163] [INFO ] [foo.ProbeTimerTask] - [原状态是断开，现为连接]
[2014/12/23 16:58:43 063] [INFO ] [foo.HttpsUtil] - [原状态是连接，现为断开]
[2014/12/23 17:01:36 739] [INFO ] [foo.ProbeTimerTask] - [原状态是断开，现为连接]
[2014/12/23 19:04:38 533] [INFO ] [foo.HttpsUtil] - [原状态是连接，现为断开]
[2014/12/23 19:07:34 049] [INFO ] [foo.ProbeTimerTask] - [原状态是断开，现为连接]
[2014/12/24 00:16:43 772] [INFO ] [foo.HttpsUtil] - [原状态是连接，现为断开]
[2014/12/24 00:19:34 317] [INFO ] [foo.ProbeTimerTask] - [原状态是断开，现为连接]
[2014/12/24 08:31:47 136] [INFO ] [foo.HttpsUtil] - [原状态是连接，现为断开]
[2014/12/24 08:34:34 726] [INFO ] [foo.ProbeTimerTask] - [原状态是断开，现为连接]
[2014/12/24 09:19:38 430] [WARN ] [commons.httpclient.HttpMethodBase] - [Going to buffer response body of large or unknown size. Using getResponseBodyAsStream instead is recommended.]
[2014/12/24 11:13:39 095] [INFO ] [foo.HttpsUtil] - [原状态是连接，现为断开]
[2014/12/24 11:16:35 319] [INFO ] [foo.ProbeTimerTask] - [原状态是断开，现为连接]
[2014/12/25 09:19:46 648] [WARN ] [commons.httpclient.HttpMethodBase] - [Going to buffer response body of large or unknown size. Using getResponseBodyAsStream instead is recommended.]
[2014/12/25 09:19:47 257] [WARN ] [commons.httpclient.HttpMethodBase] - [Going to buffer response body of large or unknown size. Using getResponseBodyAsStream instead is recommended.]
[2014/12/25 10:31:43 545] [INFO ] [foo.HttpsUtil] - [原状态是连接，现为断开]
[2014/12/25 10:34:44 065] [INFO ] [foo.ProbeTimerTask] - [原状态是断开，现为连接]
[2014/12/25 10:49:43 284] [INFO ] [foo.HttpsUtil] - [原状态是连接，现为断开]
[2014/12/25 10:52:36 159] [INFO ] [foo.ProbeTimerTask] - [原状态是断开，现为连接]
[2014/12/26 09:19:40 340] [WARN ] [commons.httpclient.HttpMethodBase] - [Going to buffer response body of large or unknown size. Using getResponseBodyAsStream instead is recommended.]
[2014/12/26 09:19:40 519] [WARN ] [commons.httpclient.HttpMethodBase] - [Going to buffer response body of large or unknown size. Using getResponseBodyAsStream instead is recommended.]
[2014/12/27 09:19:41 358] [WARN ] [commons.httpclient.HttpMethodBase] - [Going to buffer response body of large or unknown size. Using getResponseBodyAsStream instead is recommended.]
[2014/12/28 09:19:41 568] [WARN ] [commons.httpclient.HttpMethodBase] - [Going to buffer response body of large or unknown size. Using getResponseBodyAsStream instead is recommended.]
[2014/12/28 09:19:41 778] [WARN ] [commons.httpclient.HttpMethodBase] - [Going to buffer response body of large or unknown size. Using getResponseBodyAsStream instead is recommended.]
[2014/12/29 09:16:50 266] [INFO ] [foo.HttpsUtil] - [原状态是连接，现为断开]
[2014/12/29 09:19:46 519] [WARN ] [commons.httpclient.HttpMethodBase] - [Going to buffer response body of large or unknown size. Using getResponseBodyAsStream instead is recommended.]
[2014/12/29 09:19:46 832] [WARN ] [commons.httpclient.HttpMethodBase] - [Going to buffer response body of large or unknown size. Using getResponseBodyAsStream instead is recommended.]
[2014/12/29 09:19:50 406] [INFO ] [foo.ProbeTimerTask] - [原状态是断开，现为连接]
[2014/12/29 19:52:52 798] [INFO ] [foo.HttpsUtil] - [原状态是连接，现为断开]
[2014/12/29 19:55:48 546] [INFO ] [foo.ProbeTimerTask] - [原状态是断开，现为连接]
[2014/12/30 09:19:40 558] [WARN ] [commons.httpclient.HttpMethodBase] - [Going to buffer response body of large or unknown size. Using getResponseBodyAsStream instead is recommended.]
[2014/12/30 20:19:54 746] [INFO ] [foo.HttpsUtil] - [原状态是连接，现为断开]
[2014/12/30 20:22:50 494] [INFO ] [foo.ProbeTimerTask] - [原状态是断开，现为连接]
[2014/12/31 09:19:40 888] [WARN ] [commons.httpclient.HttpMethodBase] - [Going to buffer response body of large or unknown size. Using getResponseBodyAsStream instead is recommended.]
[2014/12/31 09:19:41 185] [WARN ] [commons.httpclient.HttpMethodBase] - [Going to buffer response body of large or unknown size. Using getResponseBodyAsStream instead is recommended.]
[2014/12/31 09:31:58 938] [INFO ] [foo.HttpsUtil] - [原状态是连接，现为断开]
[2014/12/31 09:34:52 623] [INFO ] [foo.ProbeTimerTask] - [原状态是断开，现为连接]
[2014/12/31 10:41:00 210] [INFO ] [foo.HttpsUtil] - [原状态是连接，现为断开]
[2014/12/31 10:43:55 893] [INFO ] [foo.ProbeTimerTask] - [原状态是断开，现为连接]
