[2014/11/01 09:03:00 815] [WARN ] [commons.httpclient.HttpMethodBase] - [Going to buffer response body of large or unknown size. Using getResponseBodyAsStream instead is recommended.]
[2014/11/01 09:03:01 475] [WARN ] [commons.httpclient.HttpMethodBase] - [Going to buffer response body of large or unknown size. Using getResponseBodyAsStream instead is recommended.]
[2014/11/02 09:03:01 814] [WARN ] [commons.httpclient.HttpMethodBase] - [Going to buffer response body of large or unknown size. Using getResponseBodyAsStream instead is recommended.]
[2014/11/02 09:03:02 044] [WARN ] [commons.httpclient.HttpMethodBase] - [Going to buffer response body of large or unknown size. Using getResponseBodyAsStream instead is recommended.]
[2014/11/02 12:27:30 153] [INFO ] [foo.HttpsUtil] - [原状态是连接，现为断开]
[2014/11/02 13:21:25 970] [INFO ] [foo.ProbeTimerTask] - [原状态是断开，现为连接]
[2014/11/03 09:03:00 918] [WARN ] [commons.httpclient.HttpMethodBase] - [Going to buffer response body of large or unknown size. Using getResponseBodyAsStream instead is recommended.]
[2014/11/03 09:03:01 238] [WARN ] [commons.httpclient.HttpMethodBase] - [Going to buffer response body of large or unknown size. Using getResponseBodyAsStream instead is recommended.]
[2014/11/03 23:51:35 707] [INFO ] [foo.HttpsUtil] - [原状态是连接，现为断开]
[2014/11/03 23:54:29 841] [INFO ] [foo.ProbeTimerTask] - [原状态是断开，现为连接]
[2014/11/04 09:03:00 921] [WARN ] [commons.httpclient.HttpMethodBase] - [Going to buffer response body of large or unknown size. Using getResponseBodyAsStream instead is recommended.]
[2014/11/04 09:03:01 248] [WARN ] [commons.httpclient.HttpMethodBase] - [Going to buffer response body of large or unknown size. Using getResponseBodyAsStream instead is recommended.]
[2014/11/04 10:09:35 758] [INFO ] [foo.HttpsUtil] - [原状态是连接，现为断开]
[2014/11/04 10:15:31 529] [INFO ] [foo.ProbeTimerTask] - [原状态是断开，现为连接]
[2014/11/05 09:03:01 376] [WARN ] [commons.httpclient.HttpMethodBase] - [Going to buffer response body of large or unknown size. Using getResponseBodyAsStream instead is recommended.]
[2014/11/05 09:03:01 695] [WARN ] [commons.httpclient.HttpMethodBase] - [Going to buffer response body of large or unknown size. Using getResponseBodyAsStream instead is recommended.]
[2014/11/06 09:03:00 650] [WARN ] [commons.httpclient.HttpMethodBase] - [Going to buffer response body of large or unknown size. Using getResponseBodyAsStream instead is recommended.]
[2014/11/06 09:03:00 870] [WARN ] [commons.httpclient.HttpMethodBase] - [Going to buffer response body of large or unknown size. Using getResponseBodyAsStream instead is recommended.]
[2014/11/07 09:03:00 497] [WARN ] [commons.httpclient.HttpMethodBase] - [Going to buffer response body of large or unknown size. Using getResponseBodyAsStream instead is recommended.]
[2014/11/07 09:03:00 716] [WARN ] [commons.httpclient.HttpMethodBase] - [Going to buffer response body of large or unknown size. Using getResponseBodyAsStream instead is recommended.]
[2014/11/07 09:51:41 904] [INFO ] [foo.HttpsUtil] - [原状态是连接，现为断开]
[2014/11/07 09:54:37 626] [INFO ] [foo.ProbeTimerTask] - [原状态是断开，现为连接]
[2014/11/08 04:06:42 215] [INFO ] [foo.HttpsUtil] - [原状态是连接，现为断开]
[2014/11/08 09:03:01 987] [WARN ] [commons.httpclient.HttpMethodBase] - [Going to buffer response body of large or unknown size. Using getResponseBodyAsStream instead is recommended.]
[2014/11/08 09:03:02 209] [WARN ] [commons.httpclient.HttpMethodBase] - [Going to buffer response body of large or unknown size. Using getResponseBodyAsStream instead is recommended.]
[2014/11/08 12:18:38 102] [INFO ] [foo.ProbeTimerTask] - [原状态是断开，现为连接]
[2014/11/09 01:39:42 661] [INFO ] [foo.HttpsUtil] - [原状态是连接，现为断开]
[2014/11/09 09:03:02 420] [WARN ] [commons.httpclient.HttpMethodBase] - [Going to buffer response body of large or unknown size. Using getResponseBodyAsStream instead is recommended.]
[2014/11/09 09:03:02 679] [WARN ] [commons.httpclient.HttpMethodBase] - [Going to buffer response body of large or unknown size. Using getResponseBodyAsStream instead is recommended.]
[2014/11/10 09:03:02 234] [WARN ] [commons.httpclient.HttpMethodBase] - [Going to buffer response body of large or unknown size. Using getResponseBodyAsStream instead is recommended.]
[2014/11/10 09:03:02 637] [WARN ] [commons.httpclient.HttpMethodBase] - [Going to buffer response body of large or unknown size. Using getResponseBodyAsStream instead is recommended.]
[2014/11/10 09:15:42 047] [INFO ] [foo.ProbeTimerTask] - [原状态是断开，现为连接]
[2014/11/10 18:15:44 292] [INFO ] [foo.HttpsUtil] - [原状态是连接，现为断开]
[2014/11/10 18:18:40 036] [INFO ] [foo.ProbeTimerTask] - [原状态是断开，现为连接]
[2014/11/10 18:21:44 307] [INFO ] [foo.HttpsUtil] - [原状态是连接，现为断开]
[2014/11/10 18:24:40 062] [INFO ] [foo.ProbeTimerTask] - [原状态是断开，现为连接]
[2014/11/11 07:48:46 392] [INFO ] [foo.HttpsUtil] - [原状态是连接，现为断开]
[2014/11/11 09:03:04 950] [WARN ] [commons.httpclient.HttpMethodBase] - [Going to buffer response body of large or unknown size. Using getResponseBodyAsStream instead is recommended.]
[2014/11/11 09:03:05 574] [WARN ] [commons.httpclient.HttpMethodBase] - [Going to buffer response body of large or unknown size. Using getResponseBodyAsStream instead is recommended.]
[2014/11/11 10:00:44 991] [INFO ] [foo.ProbeTimerTask] - [原状态是断开，现为连接]
[2014/11/11 10:21:46 922] [INFO ] [foo.HttpsUtil] - [原状态是连接，现为断开]
[2014/11/11 10:24:44 167] [INFO ] [foo.ProbeTimerTask] - [原状态是断开，现为连接]
[2014/11/11 12:45:46 950] [INFO ] [foo.HttpsUtil] - [原状态是连接，现为断开]
[2014/11/11 12:48:45 640] [INFO ] [foo.ProbeTimerTask] - [原状态是断开，现为连接]
[2014/11/12 06:36:49 391] [INFO ] [foo.HttpsUtil] - [原状态是连接，现为断开]
[2014/11/12 07:36:45 248] [INFO ] [foo.ProbeTimerTask] - [原状态是断开，现为连接]
[2014/11/12 09:03:01 312] [WARN ] [commons.httpclient.HttpMethodBase] - [Going to buffer response body of large or unknown size. Using getResponseBodyAsStream instead is recommended.]
[2014/11/12 09:03:01 642] [WARN ] [commons.httpclient.HttpMethodBase] - [Going to buffer response body of large or unknown size. Using getResponseBodyAsStream instead is recommended.]
[2014/11/12 23:27:51 621] [INFO ] [foo.HttpsUtil] - [原状态是连接，现为断开]
[2014/11/12 23:30:47 368] [INFO ] [foo.ProbeTimerTask] - [原状态是断开，现为连接]
[2014/11/13 00:12:51 779] [INFO ] [foo.HttpsUtil] - [原状态是连接，现为断开]
[2014/11/13 08:55:03 380] [INFO ] [foo.utility.Config] - [配置Log4j信息：D:\ChenJie\workspace\HttpsTest\config\log4j.xml]
[2014/11/13 08:55:03 432] [INFO ] [foo.utility.Config] - [配置默认路径信息：D:\ChenJie\workspace\HttpsTest\config\Config.properties]
[2014/11/13 08:55:21 718] [WARN ] [commons.httpclient.HttpMethodBase] - [Going to buffer response body of large or unknown size. Using getResponseBodyAsStream instead is recommended.]
[2014/11/13 08:55:28 900] [WARN ] [commons.httpclient.HttpMethodBase] - [Going to buffer response body of large or unknown size. Using getResponseBodyAsStream instead is recommended.]
[2014/11/13 09:46:04 778] [INFO ] [foo.ProbeTimerTask] - [原状态是断开，现为连接]
[2014/11/14 08:55:19 542] [WARN ] [commons.httpclient.HttpMethodBase] - [Going to buffer response body of large or unknown size. Using getResponseBodyAsStream instead is recommended.]
[2014/11/14 08:55:19 842] [WARN ] [commons.httpclient.HttpMethodBase] - [Going to buffer response body of large or unknown size. Using getResponseBodyAsStream instead is recommended.]
[2014/11/15 08:55:19 816] [WARN ] [commons.httpclient.HttpMethodBase] - [Going to buffer response body of large or unknown size. Using getResponseBodyAsStream instead is recommended.]
[2014/11/15 08:55:20 191] [WARN ] [commons.httpclient.HttpMethodBase] - [Going to buffer response body of large or unknown size. Using getResponseBodyAsStream instead is recommended.]
[2014/11/16 08:55:18 800] [WARN ] [commons.httpclient.HttpMethodBase] - [Going to buffer response body of large or unknown size. Using getResponseBodyAsStream instead is recommended.]
[2014/11/16 08:55:19 105] [WARN ] [commons.httpclient.HttpMethodBase] - [Going to buffer response body of large or unknown size. Using getResponseBodyAsStream instead is recommended.]
[2014/11/17 08:55:20 036] [WARN ] [commons.httpclient.HttpMethodBase] - [Going to buffer response body of large or unknown size. Using getResponseBodyAsStream instead is recommended.]
[2014/11/17 08:55:20 665] [WARN ] [commons.httpclient.HttpMethodBase] - [Going to buffer response body of large or unknown size. Using getResponseBodyAsStream instead is recommended.]
[2014/11/17 09:19:15 879] [INFO ] [foo.HttpsUtil] - [原状态是连接，现为断开]
[2014/11/17 09:22:12 094] [INFO ] [foo.ProbeTimerTask] - [原状态是断开，现为连接]
[2014/11/17 09:39:53 766] [INFO ] [foo.utility.Config] - [配置Log4j信息：D:\ChenJie\workspace\HttpsTest\config\log4j.xml]
[2014/11/17 09:39:53 891] [INFO ] [foo.utility.Config] - [配置默认路径信息：D:\ChenJie\workspace\HttpsTest\config\Config.properties]
[2014/11/17 09:40:27 994] [INFO ] [foo.ProbeTimerTask] - [原状态是断开，现为连接]
[2014/11/17 09:41:11 250] [WARN ] [commons.httpclient.HttpMethodBase] - [Going to buffer response body of large or unknown size. Using getResponseBodyAsStream instead is recommended.]
[2014/11/18 09:40:58 826] [WARN ] [commons.httpclient.HttpMethodBase] - [Going to buffer response body of large or unknown size. Using getResponseBodyAsStream instead is recommended.]
[2014/11/18 09:40:59 247] [WARN ] [commons.httpclient.HttpMethodBase] - [Going to buffer response body of large or unknown size. Using getResponseBodyAsStream instead is recommended.]
[2014/11/19 09:40:58 755] [WARN ] [commons.httpclient.HttpMethodBase] - [Going to buffer response body of large or unknown size. Using getResponseBodyAsStream instead is recommended.]
[2014/11/19 09:40:59 099] [WARN ] [commons.httpclient.HttpMethodBase] - [Going to buffer response body of large or unknown size. Using getResponseBodyAsStream instead is recommended.]
[2014/11/20 08:53:42 116] [INFO ] [foo.utility.Config] - [配置Log4j信息：D:\ChenJie\workspace\HttpsTest\config\log4j.xml]
[2014/11/20 08:53:42 151] [INFO ] [foo.utility.Config] - [配置默认路径信息：D:\ChenJie\workspace\HttpsTest\config\Config.properties]
[2014/11/20 08:53:45 802] [INFO ] [foo.ProbeTimerTask] - [原状态是断开，现为连接]
[2014/11/20 08:53:55 536] [WARN ] [commons.httpclient.HttpMethodBase] - [Going to buffer response body of large or unknown size. Using getResponseBodyAsStream instead is recommended.]
[2014/11/20 08:53:56 051] [WARN ] [commons.httpclient.HttpMethodBase] - [Going to buffer response body of large or unknown size. Using getResponseBodyAsStream instead is recommended.]
[2014/11/20 09:11:22 656] [INFO ] [foo.utility.Config] - [配置Log4j信息：D:\ChenJie\workspace\HttpsTest\config\log4j.xml]
[2014/11/20 09:11:22 656] [INFO ] [foo.utility.Config] - [配置默认路径信息：D:\ChenJie\workspace\HttpsTest\config\Config.properties]
[2014/11/20 09:11:30 848] [INFO ] [foo.ProbeTimerTask] - [原状态是断开，现为连接]
[2014/11/20 09:11:44 047] [WARN ] [commons.httpclient.HttpMethodBase] - [Going to buffer response body of large or unknown size. Using getResponseBodyAsStream instead is recommended.]
[2014/11/21 09:11:40 983] [WARN ] [commons.httpclient.HttpMethodBase] - [Going to buffer response body of large or unknown size. Using getResponseBodyAsStream instead is recommended.]
[2014/11/21 09:11:41 655] [WARN ] [commons.httpclient.HttpMethodBase] - [Going to buffer response body of large or unknown size. Using getResponseBodyAsStream instead is recommended.]
[2014/11/21 21:23:31 776] [INFO ] [foo.HttpsUtil] - [原状态是连接，现为断开]
[2014/11/21 21:26:27 494] [INFO ] [foo.ProbeTimerTask] - [原状态是断开，现为连接]
[2014/11/22 09:11:40 469] [WARN ] [commons.httpclient.HttpMethodBase] - [Going to buffer response body of large or unknown size. Using getResponseBodyAsStream instead is recommended.]
[2014/11/22 09:11:40 724] [WARN ] [commons.httpclient.HttpMethodBase] - [Going to buffer response body of large or unknown size. Using getResponseBodyAsStream instead is recommended.]
[2014/11/23 09:11:40 457] [WARN ] [commons.httpclient.HttpMethodBase] - [Going to buffer response body of large or unknown size. Using getResponseBodyAsStream instead is recommended.]
[2014/11/23 09:11:40 757] [WARN ] [commons.httpclient.HttpMethodBase] - [Going to buffer response body of large or unknown size. Using getResponseBodyAsStream instead is recommended.]
[2014/11/24 09:11:41 242] [WARN ] [commons.httpclient.HttpMethodBase] - [Going to buffer response body of large or unknown size. Using getResponseBodyAsStream instead is recommended.]
[2014/11/24 09:11:41 651] [WARN ] [commons.httpclient.HttpMethodBase] - [Going to buffer response body of large or unknown size. Using getResponseBodyAsStream instead is recommended.]
[2014/11/24 12:02:33 051] [INFO ] [foo.HttpsUtil] - [原状态是连接，现为断开]
[2014/11/24 12:05:37 772] [INFO ] [foo.ProbeTimerTask] - [原状态是断开，现为连接]
[2014/11/25 09:11:43 713] [WARN ] [commons.httpclient.HttpMethodBase] - [Going to buffer response body of large or unknown size. Using getResponseBodyAsStream instead is recommended.]
[2014/11/25 09:11:44 415] [WARN ] [commons.httpclient.HttpMethodBase] - [Going to buffer response body of large or unknown size. Using getResponseBodyAsStream instead is recommended.]
[2014/11/25 12:44:35 934] [INFO ] [foo.HttpsUtil] - [原状态是连接，现为断开]
[2014/11/25 12:47:32 358] [INFO ] [foo.ProbeTimerTask] - [原状态是断开，现为连接]
[2014/11/26 09:11:41 706] [WARN ] [commons.httpclient.HttpMethodBase] - [Going to buffer response body of large or unknown size. Using getResponseBodyAsStream instead is recommended.]
[2014/11/26 09:11:42 155] [WARN ] [commons.httpclient.HttpMethodBase] - [Going to buffer response body of large or unknown size. Using getResponseBodyAsStream instead is recommended.]
[2014/11/27 09:11:41 175] [WARN ] [commons.httpclient.HttpMethodBase] - [Going to buffer response body of large or unknown size. Using getResponseBodyAsStream instead is recommended.]
[2014/11/27 09:11:41 406] [WARN ] [commons.httpclient.HttpMethodBase] - [Going to buffer response body of large or unknown size. Using getResponseBodyAsStream instead is recommended.]
[2014/11/28 09:11:42 762] [WARN ] [commons.httpclient.HttpMethodBase] - [Going to buffer response body of large or unknown size. Using getResponseBodyAsStream instead is recommended.]
[2014/11/28 09:11:44 291] [WARN ] [commons.httpclient.HttpMethodBase] - [Going to buffer response body of large or unknown size. Using getResponseBodyAsStream instead is recommended.]
[2014/11/29 09:11:40 612] [WARN ] [commons.httpclient.HttpMethodBase] - [Going to buffer response body of large or unknown size. Using getResponseBodyAsStream instead is recommended.]
[2014/11/29 09:11:40 815] [WARN ] [commons.httpclient.HttpMethodBase] - [Going to buffer response body of large or unknown size. Using getResponseBodyAsStream instead is recommended.]
[2014/11/30 09:11:40 277] [WARN ] [commons.httpclient.HttpMethodBase] - [Going to buffer response body of large or unknown size. Using getResponseBodyAsStream instead is recommended.]
[2014/11/30 09:11:40 542] [WARN ] [commons.httpclient.HttpMethodBase] - [Going to buffer response body of large or unknown size. Using getResponseBodyAsStream instead is recommended.]
